Removed Pin From Net: NetName=VCC Pin=C1-1
Removed Pin From Net: NetName=GND Pin=C1-2
Removed Pin From Net: NetName=VCC Pin=C2-1
Removed Pin From Net: NetName=GND Pin=C2-2
Removed Pin From Net: NetName=VCC Pin=C3-1
Removed Pin From Net: NetName=GND Pin=C3-2
Removed Pin From Net: NetName=VCC Pin=C4-1
Removed Pin From Net: NetName=GND Pin=C4-2
Removed Pin From Net: NetName=GND Pin=IC1-3
Removed Pin From Net: NetName=VCC Pin=IC1-7
Removed Pin From Net: NetName=VCC Pin=IC2-1
Removed Pin From Net: NetName=GND Pin=IC2-3
Removed Pin From Net: NetName=MA Pin=IC2-5
Removed Pin From Net: NetName=MA Pin=IC2-6
Removed Pin From Net: NetName=MA Pin=IC2-7
Removed Pin From Net: NetName=MA Pin=IC2-8
Removed Pin From Net: NetName=GND Pin=IC3-3
Removed Pin From Net: NetName=VCC Pin=IC3-7
Removed Pin From Net: NetName=VCC Pin=IC4-1
Removed Pin From Net: NetName=GND Pin=IC4-3
Removed Pin From Net: NetName=MAL Pin=P1-3
Removed Pin From Net: NetName=MAH Pin=P1-4
Removed Pin From Net: NetName=MA Pin=P2-2
Removed Pin From Net: NetName=VCC Pin=P2-3
Removed Pin From Net: NetName=GND Pin=P2-4
Removed Pin From Net: NetName=MAH Pin=R1-1
Removed Pin From Net: NetName=MAL Pin=R2-1
Removed Pin From Net: NetName=GND Pin=R3-2
Removed Pin From Net: NetName=GND Pin=R8-2
Removed Member From Class: ClassName=motor_driver Member=C1
Removed Member From Class: ClassName=motor_driver Member=C2
Removed Member From Class: ClassName=motor_driver Member=C3
Removed Member From Class: ClassName=motor_driver Member=C4
Removed Member From Class: ClassName=motor_driver Member=IC1
Removed Member From Class: ClassName=motor_driver Member=IC2
Removed Member From Class: ClassName=motor_driver Member=IC3
Removed Member From Class: ClassName=motor_driver Member=IC4
Removed Member From Class: ClassName=motor_driver Member=P1
Removed Member From Class: ClassName=motor_driver Member=P2
Removed Member From Class: ClassName=motor_driver Member=R1
Removed Member From Class: ClassName=motor_driver Member=R2
Removed Member From Class: ClassName=motor_driver Member=R3
Removed Member From Class: ClassName=motor_driver Member=R4
Removed Member From Class: ClassName=motor_driver Member=R5
Removed Member From Class: ClassName=motor_driver Member=R6
Removed Member From Class: ClassName=motor_driver Member=R7
Removed Member From Class: ClassName=motor_driver Member=R8
Removed Member From Class: ClassName=motor_driver Member=R9
Removed Member From Class: ClassName=motor_driver Member=R10
Added Component: Designator=04x01_Conector_Male(04x01_Conector_Male)
Added Component: Designator=04x01_Conector_Male(04x01_Conector_Male)
Added Component: Designator=C1_MAHB(0402-CAP)
Added Component: Designator=C1_MBHB(0402-CAP)
Added Component: Designator=C2_MAHB(PCBComponent)
Added Component: Designator=C2_MBHB(PCBComponent)
Added Component: Designator=IR4427_MAHB(IR4427-PCB)
Added Component: Designator=IR4427_MBHB(IR4427-PCB)
Added Component: Designator=IRF7389_MAHB(IRF7389-PCB)
Added Component: Designator=IRF7389_MBHB(IRF7389-PCB)
Added Component: Designator=R1_MAHB(0402-RES-HD)
Added Component: Designator=R1_MBHB(0402-RES-HD)
Added Component: Designator=R2_MAHB(0402-RES-HD)
Added Component: Designator=R2_MBHB(0402-RES-HD)
Added Component: Designator=R3_MAHB(0402-RES-HD)
Added Component: Designator=R3_MBHB(0402-RES-HD)
Added Component: Designator=R4_MAHB(0402-RES-HD)
Added Component: Designator=R4_MBHB(0402-RES-HD)
Added Component: Designator=R5_MAHB(0402-RES-HD)
Added Component: Designator=R5_MBHB(0402-RES-HD)
Added Pin To Net: NetName=GND Pin=04x01_Conector_Male-0
Added Pin To Net: NetName=MAH Pin=04x01_Conector_Male-0
Added Pin To Net: NetName=MAL Pin=04x01_Conector_Male-1
Added Pin To Net: NetName=VCC Pin=04x01_Conector_Male-1
Added Pin To Net: NetName=MA Pin=04x01_Conector_Male-3
Added Pin To Net: NetName=VCC Pin=C1_MAHB-1
Added Pin To Net: NetName=GND Pin=C1_MAHB-2
Added Pin To Net: NetName=VCC Pin=C1_MBHB-1
Added Pin To Net: NetName=GND Pin=C1_MBHB-2
Added Pin To Net: NetName=VCC Pin=C2_MAHB-1
Added Pin To Net: NetName=GND Pin=C2_MAHB-2
Added Pin To Net: NetName=VCC Pin=C2_MBHB-1
Added Pin To Net: NetName=GND Pin=C2_MBHB-2
Added Pin To Net: NetName=GND Pin=IR4427_MAHB-3
Added Pin To Net: NetName=VCC Pin=IR4427_MAHB-6
Added Pin To Net: NetName=GND Pin=IR4427_MBHB-3
Added Pin To Net: NetName=VCC Pin=IR4427_MBHB-6
Added Pin To Net: NetName=GND Pin=IRF7389_MAHB-1
Added Pin To Net: NetName=VCC Pin=IRF7389_MAHB-3
Added Pin To Net: NetName=MA Pin=IRF7389_MAHB-5
Added Pin To Net: NetName=MA Pin=IRF7389_MAHB-6
Added Pin To Net: NetName=MA Pin=IRF7389_MAHB-7
Added Pin To Net: NetName=MA Pin=IRF7389_MAHB-8
Added Pin To Net: NetName=GND Pin=IRF7389_MBHB-1
Added Pin To Net: NetName=VCC Pin=IRF7389_MBHB-3
Added Pin To Net: NetName=MAL Pin=R1_MAHB-1
Added Pin To Net: NetName=MAH Pin=R2_MAHB-1
Added Pin To Net: NetName=GND Pin=R3_MAHB-1
Added Pin To Net: NetName=GND Pin=R3_MBHB-1
Added Pin To Net: NetName=MA_MBHB Pin=04x01_Conector_Male-2
Added Pin To Net: NetName=MA_MBHB Pin=IRF7389_MBHB-5
Added Pin To Net: NetName=MA_MBHB Pin=IRF7389_MBHB-6
Added Pin To Net: NetName=MA_MBHB Pin=IRF7389_MBHB-7
Added Pin To Net: NetName=MA_MBHB Pin=IRF7389_MBHB-8
Added Net: Name=MA_MBHB
Added Pin To Net: NetName=MBH Pin=04x01_Conector_Male-2
Added Pin To Net: NetName=MBH Pin=R2_MBHB-1
Added Net: Name=MBH
Added Pin To Net: NetName=MBL Pin=04x01_Conector_Male-3
Added Pin To Net: NetName=MBL Pin=R1_MBHB-1
Added Net: Name=MBL
Added Pin To Net: NetName=NetIR4427_MAHB_2 Pin=IR4427_MAHB-2
Added Pin To Net: NetName=NetIR4427_MAHB_2 Pin=R1_MAHB-2
Added Pin To Net: NetName=NetIR4427_MAHB_2 Pin=R3_MAHB-2
Added Net: Name=NetIR4427_MAHB_2
Added Pin To Net: NetName=NetIR4427_MAHB_4 Pin=IR4427_MAHB-4
Added Pin To Net: NetName=NetIR4427_MAHB_4 Pin=R2_MAHB-2
Added Net: Name=NetIR4427_MAHB_4
Added Pin To Net: NetName=NetIR4427_MAHB_5 Pin=IR4427_MAHB-5
Added Pin To Net: NetName=NetIR4427_MAHB_5 Pin=R5_MAHB-1
Added Net: Name=NetIR4427_MAHB_5
Added Pin To Net: NetName=NetIR4427_MAHB_7 Pin=IR4427_MAHB-7
Added Pin To Net: NetName=NetIR4427_MAHB_7 Pin=R4_MAHB-1
Added Net: Name=NetIR4427_MAHB_7
Added Pin To Net: NetName=NetIR4427_MBHB_2 Pin=IR4427_MBHB-2
Added Pin To Net: NetName=NetIR4427_MBHB_2 Pin=R1_MBHB-2
Added Pin To Net: NetName=NetIR4427_MBHB_2 Pin=R3_MBHB-2
Added Net: Name=NetIR4427_MBHB_2
Added Pin To Net: NetName=NetIR4427_MBHB_4 Pin=IR4427_MBHB-4
Added Pin To Net: NetName=NetIR4427_MBHB_4 Pin=R2_MBHB-2
Added Net: Name=NetIR4427_MBHB_4
Added Pin To Net: NetName=NetIR4427_MBHB_5 Pin=IR4427_MBHB-5
Added Pin To Net: NetName=NetIR4427_MBHB_5 Pin=R5_MBHB-1
Added Net: Name=NetIR4427_MBHB_5
Added Pin To Net: NetName=NetIR4427_MBHB_7 Pin=IR4427_MBHB-7
Added Pin To Net: NetName=NetIR4427_MBHB_7 Pin=R4_MBHB-1
Added Net: Name=NetIR4427_MBHB_7
Added Pin To Net: NetName=NetIRF7389_MAHB_2 Pin=IRF7389_MAHB-2
Added Pin To Net: NetName=NetIRF7389_MAHB_2 Pin=R4_MAHB-2
Added Net: Name=NetIRF7389_MAHB_2
Added Pin To Net: NetName=NetIRF7389_MAHB_4 Pin=IRF7389_MAHB-4
Added Pin To Net: NetName=NetIRF7389_MAHB_4 Pin=R5_MAHB-2
Added Net: Name=NetIRF7389_MAHB_4
Added Pin To Net: NetName=NetIRF7389_MBHB_2 Pin=IRF7389_MBHB-2
Added Pin To Net: NetName=NetIRF7389_MBHB_2 Pin=R4_MBHB-2
Added Net: Name=NetIRF7389_MBHB_2
Added Pin To Net: NetName=NetIRF7389_MBHB_4 Pin=IRF7389_MBHB-4
Added Pin To Net: NetName=NetIRF7389_MBHB_4 Pin=R5_MBHB-2
Added Net: Name=NetIRF7389_MBHB_4
Added Class: Name=MAHB
Added Class: Name=MBHB
Added Class: Name=half_bridge
Added Member To Class: ClassName=motor_driver Member=Component 04x01_Conector_Male 22032041
Added Member To Class: ClassName=motor_driver Member=Component 04x01_Conector_Male 22032041
Added Room: Name=MAHB
Added Room: Name=MBHB
Added Room: Name=motor_driver
Added Rule: Name=Schematic Polygon Connect Style
Added Rule: Name=Schematic Polygon Connect Style_7
Added Rule: Name=Schematic Polygon Connect Style_8
Added Rule: Name=Schematic Polygon Connect Style_9
