Added Component: Designator=STM32F4-DISCOVERY-SCH(STM32F4-DISCOVERY-PCB)
Added Pin To Net: NetName=GND Pin=M1_HB_C1-1
Added Pin To Net: NetName=GND Pin=M2_HB_C1-1
Added Pin To Net: NetName=GND Pin=M3_HB_C1-1
Added Pin To Net: NetName=GND Pin=STM32F4-DISCOVERY-SCH-P1_1
Added Pin To Net: NetName=GND Pin=STM32F4-DISCOVERY-SCH-P1_2
Added Pin To Net: NetName=VCC Pin=STM32F4-DISCOVERY-SCH-P1_3
Added Pin To Net: NetName=NetBC_R2_2 Pin=STM32F4-DISCOVERY-SCH-P1_7
Added Pin To Net: NetName=NetBC_R1_2 Pin=STM32F4-DISCOVERY-SCH-P1_8
Added Pin To Net: NetName=NetM3_CON_5 Pin=STM32F4-DISCOVERY-SCH-P1_11
Added Pin To Net: NetName=NetM3_CON_6 Pin=STM32F4-DISCOVERY-SCH-P1_12
Added Pin To Net: NetName=NetNRF24L01_2 Pin=STM32F4-DISCOVERY-SCH-P1_13
Added Pin To Net: NetName=NetM0_H_BRIDGE_3 Pin=STM32F4-DISCOVERY-SCH-P1_14
Added Pin To Net: NetName=NetNRF24L01_4 Pin=STM32F4-DISCOVERY-SCH-P1_15
Added Pin To Net: NetName=NetNRF24L01_3 Pin=STM32F4-DISCOVERY-SCH-P1_16
Added Pin To Net: NetName=NetNRF24L01_5 Pin=STM32F4-DISCOVERY-SCH-P1_17
Added Pin To Net: NetName=NetNRF24L01_6 Pin=STM32F4-DISCOVERY-SCH-P1_18
Added Pin To Net: NetName=NetM2_H_BRIDGE_3 Pin=STM32F4-DISCOVERY-SCH-P1_21
Added Pin To Net: NetName=NetM1_H_BRIDGE_1 Pin=STM32F4-DISCOVERY-SCH-P1_22
Added Pin To Net: NetName=NetM2_CON_5 Pin=STM32F4-DISCOVERY-SCH-P1_24
Added Pin To Net: NetName=NetM2_H_BRIDGE_1 Pin=STM32F4-DISCOVERY-SCH-P1_24
Added Pin To Net: NetName=NetM0_H_BRIDGE_2 Pin=STM32F4-DISCOVERY-SCH-P1_29
Added Pin To Net: NetName=NetM1_H_BRIDGE_0 Pin=STM32F4-DISCOVERY-SCH-P1_31
Added Pin To Net: NetName=NetM1_H_BRIDGE_2 Pin=STM32F4-DISCOVERY-SCH-P1_32
Added Pin To Net: NetName=NetM3_H_BRIDGE_3 Pin=STM32F4-DISCOVERY-SCH-P1_35
Added Pin To Net: NetName=NetM3_H_BRIDGE_1 Pin=STM32F4-DISCOVERY-SCH-P1_36
Added Pin To Net: NetName=NetM0_H_BRIDGE_1 Pin=STM32F4-DISCOVERY-SCH-P1_37
Added Pin To Net: NetName=NetM1_H_BRIDGE_3 Pin=STM32F4-DISCOVERY-SCH-P1_38
Added Pin To Net: NetName=GND Pin=STM32F4-DISCOVERY-SCH-P2_1
Added Pin To Net: NetName=GND Pin=STM32F4-DISCOVERY-SCH-P2_2
Added Pin To Net: NetName=VCC Pin=STM32F4-DISCOVERY-SCH-P2_4
Added Pin To Net: NetName=NetSTM32F4-DISCOVERY-SCH_P2_19 Pin=STM32F4-DISCOVERY-SCH-P2_19
Added Pin To Net: NetName=NetSTM32F4-DISCOVERY-SCH_P2_20 Pin=STM32F4-DISCOVERY-SCH-P2_20
Added Pin To Net: NetName=NetM2_CON_6 Pin=STM32F4-DISCOVERY-SCH-P2_23
Added Pin To Net: NetName=NetM1_CON_6 Pin=STM32F4-DISCOVERY-SCH-P2_25
Added Pin To Net: NetName=NetM1_CON_5 Pin=STM32F4-DISCOVERY-SCH-P2_26
Added Pin To Net: NetName=NetM0_CON_5 Pin=STM32F4-DISCOVERY-SCH-P2_28
Added Pin To Net: NetName=NetM0_CON_6 Pin=STM32F4-DISCOVERY-SCH-P2_40
Added Pin To Net: NetName=NetM0_H_BRIDGE_0 Pin=STM32F4-DISCOVERY-SCH-P2_43
Added Pin To Net: NetName=NetM3_H_BRIDGE_0 Pin=STM32F4-DISCOVERY-SCH-P2_45
Added Pin To Net: NetName=NetM3_H_BRIDGE_2 Pin=STM32F4-DISCOVERY-SCH-P2_46
Added Pin To Net: NetName=NetM2_H_BRIDGE_0 Pin=STM32F4-DISCOVERY-SCH-P2_47
Added Pin To Net: NetName=NetM2_H_BRIDGE_2 Pin=STM32F4-DISCOVERY-SCH-P2_48
Added Member To Class: ClassName=Mother_board1 Member=Component STM32F4-DISCOVERY-SCH
