Removed Pin From Net: NetName=GND Pin=STM32F4-DISCOVERY-SCH-P1_1
Removed Pin From Net: NetName=GND Pin=STM32F4-DISCOVERY-SCH-P1_2
Removed Pin From Net: NetName=VCC Pin=STM32F4-DISCOVERY-SCH-P1_3
Removed Pin From Net: NetName=NetBC_R2_2 Pin=STM32F4-DISCOVERY-SCH-P1_7
Removed Pin From Net: NetName=NetBC_R1_2 Pin=STM32F4-DISCOVERY-SCH-P1_8
Removed Pin From Net: NetName=GND Pin=STM32F4-DISCOVERY-SCH-P2_1
Removed Pin From Net: NetName=GND Pin=STM32F4-DISCOVERY-SCH-P2_2
Removed Pin From Net: NetName=VCC Pin=STM32F4-DISCOVERY-SCH-P2_4
Removed Member From Class: ClassName=Mother_board1 Member=STM32F4-DISCOVERY-SCH
Added Component: Designator=DISCO_P1(25x02_Conector_Female)
Added Component: Designator=DISCO_P2(25x02_Conector_Female)
Added Pin To Net: NetName=GND Pin=DISCO_P1-49
Added Pin To Net: NetName=GND Pin=DISCO_P1-50
Added Pin To Net: NetName=NetBC_R1_2 Pin=DISCO_P2-43
Added Pin To Net: NetName=NetBC_R2_2 Pin=DISCO_P2-44
Added Pin To Net: NetName=VCC Pin=DISCO_P2-47
Added Pin To Net: NetName=VCC Pin=DISCO_P2-48
Added Pin To Net: NetName=GND Pin=DISCO_P2-49
Added Pin To Net: NetName=GND Pin=DISCO_P2-50
Added Pin To Net: NetName=NetDISCO_P1_3 Pin=M1_CON0-0
Added Net: Name=NetDISCO_P1_3
Added Pin To Net: NetName=NetDISCO_P1_4 Pin=M2_CON0-0
Added Net: Name=NetDISCO_P1_4
Added Pin To Net: NetName=NetDISCO_P1_5 Pin=M0_CON0-2
Added Net: Name=NetDISCO_P1_5
Added Pin To Net: NetName=NetDISCO_P1_6 Pin=M1_CON0-2
Added Net: Name=NetDISCO_P1_6
Added Pin To Net: NetName=NetDISCO_P1_8 Pin=M0_CON0-0
Added Net: Name=NetDISCO_P1_8
Added Pin To Net: NetName=NetDISCO_P1_11 Pin=DISCO_P1-11
Added Pin To Net: NetName=NetDISCO_P1_11 Pin=M0_CON-6
Added Net: Name=NetDISCO_P1_11
Added Pin To Net: NetName=NetDISCO_P1_23 Pin=DISCO_P1-23
Added Pin To Net: NetName=NetDISCO_P1_23 Pin=M0_CON-5
Added Net: Name=NetDISCO_P1_23
Added Pin To Net: NetName=NetDISCO_P1_25 Pin=DISCO_P1-25
Added Pin To Net: NetName=NetDISCO_P1_25 Pin=M1_CON-5
Added Net: Name=NetDISCO_P1_25
Added Pin To Net: NetName=NetDISCO_P1_26 Pin=DISCO_P1-26
Added Pin To Net: NetName=NetDISCO_P1_26 Pin=M1_CON-6
Added Net: Name=NetDISCO_P1_26
Added Pin To Net: NetName=NetDISCO_P1_27 Pin=DISCO_P1-27
Added Pin To Net: NetName=NetDISCO_P1_27 Pin=M2_CON-5
Added Net: Name=NetDISCO_P1_27
Added Pin To Net: NetName=NetDISCO_P1_28 Pin=DISCO_P1-28
Added Pin To Net: NetName=NetDISCO_P1_28 Pin=M2_CON-6
Added Net: Name=NetDISCO_P1_28
Added Pin To Net: NetName=NetDISCO_P1_31 Pin=DISCO_P1-31
Added Net: Name=NetDISCO_P1_31
Added Pin To Net: NetName=NetDISCO_P1_32 Pin=DISCO_P1-32
Added Net: Name=NetDISCO_P1_32
Added Pin To Net: NetName=NetDISCO_P1_37 Pin=DISCO_P1-37
Added Pin To Net: NetName=NetDISCO_P1_37 Pin=M0_CON0-3
Added Net: Name=NetDISCO_P1_37
Added Pin To Net: NetName=NetDISCO_P1_38 Pin=DISCO_P1-38
Added Pin To Net: NetName=NetDISCO_P1_38 Pin=M1_CON0-1
Added Net: Name=NetDISCO_P1_38
Added Pin To Net: NetName=NetDISCO_P1_39 Pin=DISCO_P1-39
Added Pin To Net: NetName=NetDISCO_P1_39 Pin=M0_CON0-1
Added Net: Name=NetDISCO_P1_39
Added Pin To Net: NetName=NetDISCO_P1_40 Pin=DISCO_P1-40
Added Pin To Net: NetName=NetDISCO_P1_40 Pin=M1_CON0-3
Added Net: Name=NetDISCO_P1_40
Added Pin To Net: NetName=NetDISCO_P2_15 Pin=DISCO_P2-15
Added Pin To Net: NetName=NetDISCO_P2_15 Pin=M3_CON0-1
Added Net: Name=NetDISCO_P2_15
Added Pin To Net: NetName=NetDISCO_P2_16 Pin=DISCO_P2-16
Added Pin To Net: NetName=NetDISCO_P2_16 Pin=M3_CON0-3
Added Net: Name=NetDISCO_P2_16
Added Pin To Net: NetName=NetDISCO_P2_19 Pin=DISCO_P2-19
Added Pin To Net: NetName=NetDISCO_P2_19 Pin=M3_CON0-0
Added Net: Name=NetDISCO_P2_19
Added Pin To Net: NetName=NetDISCO_P2_20 Pin=DISCO_P2-20
Added Pin To Net: NetName=NetDISCO_P2_20 Pin=M3_CON0-2
Added Net: Name=NetDISCO_P2_20
Added Pin To Net: NetName=NetDISCO_P2_22 Pin=DISCO_P2-22
Added Pin To Net: NetName=NetDISCO_P2_22 Pin=M2_CON0-2
Added Net: Name=NetDISCO_P2_22
Added Pin To Net: NetName=NetDISCO_P2_30 Pin=DISCO_P2-30
Added Pin To Net: NetName=NetDISCO_P2_30 Pin=M2_CON0-3
Added Net: Name=NetDISCO_P2_30
Added Pin To Net: NetName=NetDISCO_P2_32 Pin=DISCO_P2-32
Added Pin To Net: NetName=NetDISCO_P2_32 Pin=H_BRIDGE_BREAKOUT-SCH-4
Added Net: Name=NetDISCO_P2_32
Added Pin To Net: NetName=NetDISCO_P2_33 Pin=DISCO_P2-33
Added Pin To Net: NetName=NetDISCO_P2_33 Pin=H_BRIDGE_BREAKOUT-SCH-5
Added Net: Name=NetDISCO_P2_33
Added Pin To Net: NetName=NetDISCO_P2_34 Pin=DISCO_P2-34
Added Pin To Net: NetName=NetDISCO_P2_34 Pin=H_BRIDGE_BREAKOUT-SCH-6
Added Net: Name=NetDISCO_P2_34
Added Pin To Net: NetName=NetDISCO_P2_35 Pin=DISCO_P2-35
Added Pin To Net: NetName=NetDISCO_P2_35 Pin=H_BRIDGE_BREAKOUT-SCH-0
Added Net: Name=NetDISCO_P2_35
Added Pin To Net: NetName=NetDISCO_P2_36 Pin=DISCO_P2-36
Added Pin To Net: NetName=NetDISCO_P2_36 Pin=H_BRIDGE_BREAKOUT-SCH-7
Added Net: Name=NetDISCO_P2_36
Added Pin To Net: NetName=NetDISCO_P2_38 Pin=DISCO_P2-38
Added Pin To Net: NetName=NetDISCO_P2_38 Pin=H_BRIDGE_BREAKOUT-SCH-1
Added Net: Name=NetDISCO_P2_38
Added Pin To Net: NetName=NetDISCO_P2_39 Pin=DISCO_P2-39
Added Pin To Net: NetName=NetDISCO_P2_39 Pin=M3_CON-6
Added Net: Name=NetDISCO_P2_39
Added Pin To Net: NetName=NetDISCO_P2_40 Pin=DISCO_P2-40
Added Pin To Net: NetName=NetDISCO_P2_40 Pin=M3_CON-5
Added Net: Name=NetDISCO_P2_40
Added Pin To Net: NetName=NetDISCO_P2_41 Pin=DISCO_P2-41
Added Pin To Net: NetName=NetDISCO_P2_41 Pin=M2_CON0-1
Added Net: Name=NetDISCO_P2_41
Added Member To Class: ClassName=Mother_board1 Member=Component DISCO_P1 SFH11-PBPC-D25-ST-BK
Added Member To Class: ClassName=Mother_board1 Member=Component DISCO_P2 SFH11-PBPC-D25-ST-BK
