Removed Pin From Net: NetName=GND Pin=discovery-P$1
Removed Pin From Net: NetName=GND Pin=discovery-P$2
Removed Pin From Net: NetName=VCC Pin=discovery-P$3
Removed Pin From Net: NetName=VCC Pin=discovery-P$4
Removed Pin From Net: NetName=NetBC_R2_2 Pin=discovery-P$7
Removed Pin From Net: NetName=NetBC_R1_2 Pin=discovery-P$8
Removed Pin From Net: NetName=GND Pin=discovery-P$51
Removed Pin From Net: NetName=GND Pin=discovery-P$52
Removed Pin From Net: NetName=Netdiscovery_P$69 Pin=discovery-P$69
Removed Pin From Net: NetName=Netdiscovery_P$70 Pin=discovery-P$70
Removed Member From Class: ClassName=Mother_board1 Member=discovery
Added Component: Designator=STM32F4-DISCOVERY-SCH(STM32F4-DISCOVERY-PCB)
Added Pin To Net: NetName=GND Pin=M1_HB_C1-1
Added Pin To Net: NetName=GND Pin=M2_HB_C1-1
Added Pin To Net: NetName=GND Pin=M3_HB_C1-1
Added Pin To Net: NetName=GND Pin=STM32F4-DISCOVERY-SCH-P1_1
Added Pin To Net: NetName=GND Pin=STM32F4-DISCOVERY-SCH-P1_2
Added Pin To Net: NetName=VCC Pin=STM32F4-DISCOVERY-SCH-P1_3
Added Pin To Net: NetName=NetBC_R1_2 Pin=STM32F4-DISCOVERY-SCH-P1_8
Added Pin To Net: NetName=GND Pin=STM32F4-DISCOVERY-SCH-P2_1
Added Pin To Net: NetName=GND Pin=STM32F4-DISCOVERY-SCH-P2_2
Added Pin To Net: NetName=VCC Pin=STM32F4-DISCOVERY-SCH-P2_4
Added Pin To Net: NetName=Netdiscovery_P$69 Pin=STM32F4-DISCOVERY-SCH-P2_19
Added Pin To Net: NetName=Netdiscovery_P$70 Pin=STM32F4-DISCOVERY-SCH-P2_20
Change Net Name : Old Net Name=Netdiscovery_P$69 New Net Name=NetM0_CURRENT_SENSOR_5
Change Net Name : Old Net Name=Netdiscovery_P$70 New Net Name=NetM0_CURRENT_SENSOR_4
Added Pin To Net: NetName=NetM0_CON_5 Pin=M0_CON-5
Added Pin To Net: NetName=NetM0_CON_5 Pin=STM32F4-DISCOVERY-SCH-P2_28
Added Net: Name=NetM0_CON_5
Added Pin To Net: NetName=NetM0_CON_6 Pin=M0_CON-6
Added Pin To Net: NetName=NetM0_CON_6 Pin=STM32F4-DISCOVERY-SCH-P2_40
Added Net: Name=NetM0_CON_6
Added Pin To Net: NetName=NetM0_H_BRIDGE_0 Pin=M0_H_BRIDGE-0
Added Pin To Net: NetName=NetM0_H_BRIDGE_0 Pin=STM32F4-DISCOVERY-SCH-P2_43
Added Net: Name=NetM0_H_BRIDGE_0
Added Pin To Net: NetName=NetM0_H_BRIDGE_1 Pin=M0_H_BRIDGE-1
Added Pin To Net: NetName=NetM0_H_BRIDGE_1 Pin=STM32F4-DISCOVERY-SCH-P1_37
Added Net: Name=NetM0_H_BRIDGE_1
Added Pin To Net: NetName=NetM0_H_BRIDGE_2 Pin=M0_H_BRIDGE-2
Added Pin To Net: NetName=NetM0_H_BRIDGE_2 Pin=STM32F4-DISCOVERY-SCH-P1_29
Added Net: Name=NetM0_H_BRIDGE_2
Added Pin To Net: NetName=NetM0_H_BRIDGE_3 Pin=M0_H_BRIDGE-3
Added Pin To Net: NetName=NetM0_H_BRIDGE_3 Pin=STM32F4-DISCOVERY-SCH-P1_14
Added Net: Name=NetM0_H_BRIDGE_3
Added Pin To Net: NetName=NetM1_CON_5 Pin=M1_CON-5
Added Pin To Net: NetName=NetM1_CON_5 Pin=STM32F4-DISCOVERY-SCH-P2_26
Added Net: Name=NetM1_CON_5
Added Pin To Net: NetName=NetM1_CON_6 Pin=M1_CON-6
Added Pin To Net: NetName=NetM1_CON_6 Pin=STM32F4-DISCOVERY-SCH-P2_25
Added Net: Name=NetM1_CON_6
Added Pin To Net: NetName=NetM1_H_BRIDGE_0 Pin=M1_H_BRIDGE-0
Added Pin To Net: NetName=NetM1_H_BRIDGE_0 Pin=STM32F4-DISCOVERY-SCH-P1_31
Added Net: Name=NetM1_H_BRIDGE_0
Added Pin To Net: NetName=NetM1_H_BRIDGE_1 Pin=M1_H_BRIDGE-1
Added Pin To Net: NetName=NetM1_H_BRIDGE_1 Pin=STM32F4-DISCOVERY-SCH-P1_22
Added Net: Name=NetM1_H_BRIDGE_1
Added Pin To Net: NetName=NetM1_H_BRIDGE_2 Pin=M1_H_BRIDGE-2
Added Pin To Net: NetName=NetM1_H_BRIDGE_2 Pin=STM32F4-DISCOVERY-SCH-P1_32
Added Net: Name=NetM1_H_BRIDGE_2
Added Pin To Net: NetName=NetM1_H_BRIDGE_3 Pin=M1_H_BRIDGE-3
Added Pin To Net: NetName=NetM1_H_BRIDGE_3 Pin=STM32F4-DISCOVERY-SCH-P1_38
Added Net: Name=NetM1_H_BRIDGE_3
Added Pin To Net: NetName=NetM2_CON_5 Pin=M2_CON-5
Added Pin To Net: NetName=NetM2_CON_5 Pin=STM32F4-DISCOVERY-SCH-P1_24
Added Net: Name=NetM2_CON_5
Added Pin To Net: NetName=NetM2_CON_6 Pin=M2_CON-6
Added Pin To Net: NetName=NetM2_CON_6 Pin=STM32F4-DISCOVERY-SCH-P2_23
Added Net: Name=NetM2_CON_6
Added Pin To Net: NetName=NetM2_H_BRIDGE_0 Pin=M2_H_BRIDGE-0
Added Pin To Net: NetName=NetM2_H_BRIDGE_0 Pin=STM32F4-DISCOVERY-SCH-P2_47
Added Net: Name=NetM2_H_BRIDGE_0
Added Pin To Net: NetName=NetM2_H_BRIDGE_1 Pin=M2_H_BRIDGE-1
Added Pin To Net: NetName=NetM2_H_BRIDGE_1 Pin=STM32F4-DISCOVERY-SCH-P1_24
Added Net: Name=NetM2_H_BRIDGE_1
Added Pin To Net: NetName=NetM2_H_BRIDGE_2 Pin=M2_H_BRIDGE-2
Added Pin To Net: NetName=NetM2_H_BRIDGE_2 Pin=STM32F4-DISCOVERY-SCH-P2_48
Added Net: Name=NetM2_H_BRIDGE_2
Added Pin To Net: NetName=NetM2_H_BRIDGE_3 Pin=M2_H_BRIDGE-3
Added Pin To Net: NetName=NetM2_H_BRIDGE_3 Pin=STM32F4-DISCOVERY-SCH-P1_21
Added Net: Name=NetM2_H_BRIDGE_3
Added Pin To Net: NetName=NetM3_CON_5 Pin=M3_CON-5
Added Pin To Net: NetName=NetM3_CON_5 Pin=STM32F4-DISCOVERY-SCH-P1_11
Added Net: Name=NetM3_CON_5
Added Pin To Net: NetName=NetM3_CON_6 Pin=M3_CON-6
Added Pin To Net: NetName=NetM3_CON_6 Pin=STM32F4-DISCOVERY-SCH-P1_12
Added Net: Name=NetM3_CON_6
Added Pin To Net: NetName=NetM3_H_BRIDGE_0 Pin=M3_H_BRIDGE-0
Added Pin To Net: NetName=NetM3_H_BRIDGE_0 Pin=STM32F4-DISCOVERY-SCH-P2_45
Added Net: Name=NetM3_H_BRIDGE_0
Added Pin To Net: NetName=NetM3_H_BRIDGE_1 Pin=M3_H_BRIDGE-1
Added Pin To Net: NetName=NetM3_H_BRIDGE_1 Pin=STM32F4-DISCOVERY-SCH-P1_36
Added Net: Name=NetM3_H_BRIDGE_1
Added Pin To Net: NetName=NetM3_H_BRIDGE_2 Pin=M3_H_BRIDGE-2
Added Pin To Net: NetName=NetM3_H_BRIDGE_2 Pin=STM32F4-DISCOVERY-SCH-P2_46
Added Net: Name=NetM3_H_BRIDGE_2
Added Pin To Net: NetName=NetM3_H_BRIDGE_3 Pin=M3_H_BRIDGE-3
Added Pin To Net: NetName=NetM3_H_BRIDGE_3 Pin=STM32F4-DISCOVERY-SCH-P1_35
Added Net: Name=NetM3_H_BRIDGE_3
Added Pin To Net: NetName=NetNRF24L01_BREAKOUT-SCH_2 Pin=NRF24L01_BREAKOUT-SCH-2
Added Pin To Net: NetName=NetNRF24L01_BREAKOUT-SCH_2 Pin=STM32F4-DISCOVERY-SCH-P1_13
Added Net: Name=NetNRF24L01_BREAKOUT-SCH_2
Added Pin To Net: NetName=NetNRF24L01_BREAKOUT-SCH_3 Pin=NRF24L01_BREAKOUT-SCH-3
Added Pin To Net: NetName=NetNRF24L01_BREAKOUT-SCH_3 Pin=STM32F4-DISCOVERY-SCH-P1_16
Added Net: Name=NetNRF24L01_BREAKOUT-SCH_3
Added Pin To Net: NetName=NetNRF24L01_BREAKOUT-SCH_4 Pin=NRF24L01_BREAKOUT-SCH-4
Added Pin To Net: NetName=NetNRF24L01_BREAKOUT-SCH_4 Pin=STM32F4-DISCOVERY-SCH-P1_15
Added Net: Name=NetNRF24L01_BREAKOUT-SCH_4
Added Pin To Net: NetName=NetNRF24L01_BREAKOUT-SCH_5 Pin=NRF24L01_BREAKOUT-SCH-5
Added Pin To Net: NetName=NetNRF24L01_BREAKOUT-SCH_5 Pin=STM32F4-DISCOVERY-SCH-P1_17
Added Net: Name=NetNRF24L01_BREAKOUT-SCH_5
Added Pin To Net: NetName=NetNRF24L01_BREAKOUT-SCH_6 Pin=NRF24L01_BREAKOUT-SCH-6
Added Pin To Net: NetName=NetNRF24L01_BREAKOUT-SCH_6 Pin=STM32F4-DISCOVERY-SCH-P1_18
Added Net: Name=NetNRF24L01_BREAKOUT-SCH_6
Added Member To Class: ClassName=Mother_board1 Member=Component STM32F4-DISCOVERY-SCH
