Change Component Designator: OldDesignator=C5_CS_M11 NewDesignator=C5_CS_M3
Change Component Designator: OldDesignator=C5_CS_M12 NewDesignator=C5_CS_M2
Change Component Designator: OldDesignator=C5_CS_M13 NewDesignator=C5_CS_M1
Change Component Designator: OldDesignator=IC2_CS_M11 NewDesignator=IC2_CS_M3
Change Component Designator: OldDesignator=IC2_CS_M12 NewDesignator=IC2_CS_M2
Change Component Designator: OldDesignator=IC2_CS_M13 NewDesignator=IC2_CS_M1
Change Component Designator: OldDesignator=R3_CS_M11 NewDesignator=R3_CS_M3
Change Component Designator: OldDesignator=R3_CS_M12 NewDesignator=R3_CS_M2
Change Component Designator: OldDesignator=R3_CS_M13 NewDesignator=R3_CS_M1
Change Component Designator: OldDesignator=R4_CS_M11 NewDesignator=R4_CS_M3
Change Component Designator: OldDesignator=R4_CS_M12 NewDesignator=R4_CS_M2
Change Component Designator: OldDesignator=R4_CS_M13 NewDesignator=R4_CS_M1
Change Component Designator: OldDesignator=R5_CS_M11 NewDesignator=R5_CS_M3
Change Component Designator: OldDesignator=R5_CS_M12 NewDesignator=R5_CS_M2
Change Component Designator: OldDesignator=R5_CS_M13 NewDesignator=R5_CS_M1
Change Component Designator: OldDesignator=R6_CS_M11 NewDesignator=R6_CS_M3
Change Component Designator: OldDesignator=R6_CS_M12 NewDesignator=R6_CS_M2
Change Component Designator: OldDesignator=R6_CS_M13 NewDesignator=R6_CS_M1
Added Pin To Net: NetName=NetC4_2 Pin=M1_HB_C1-1
Added Pin To Net: NetName=NetC4_2 Pin=M2_HB_C1-1
Added Pin To Net: NetName=NetC4_2 Pin=M3_HB_C1-1
Added Pin To Net: NetName=NetM2_CON_5 Pin=STM32F4-DISCOVERY-SCH-P1_24
Change Net Name : Old Net Name=NetC5_CS_M11_1 New Net Name=NetC5_CS_M3_1
Change Net Name : Old Net Name=NetC5_CS_M11_2 New Net Name=NetC5_CS_M3_2
Change Net Name : Old Net Name=NetC5_CS_M12_1 New Net Name=NetC5_CS_M2_1
Change Net Name : Old Net Name=NetC5_CS_M12_2 New Net Name=NetC5_CS_M2_2
Change Net Name : Old Net Name=NetC5_CS_M13_1 New Net Name=NetC5_CS_M1_1
Change Net Name : Old Net Name=NetC5_CS_M13_2 New Net Name=NetC5_CS_M1_2
Change Net Name : Old Net Name=NetIC2_CS_M11_4 New Net Name=NetIC2_CS_M3_4
Change Net Name : Old Net Name=NetIC2_CS_M11_5 New Net Name=NetIC2_CS_M3_5
Change Net Name : Old Net Name=NetIC2_CS_M11_8 New Net Name=NetIC2_CS_M3_8
Change Net Name : Old Net Name=NetIC2_CS_M12_4 New Net Name=NetIC2_CS_M2_4
Change Net Name : Old Net Name=NetIC2_CS_M12_5 New Net Name=NetIC2_CS_M2_5
Change Net Name : Old Net Name=NetIC2_CS_M12_8 New Net Name=NetIC2_CS_M2_8
Change Net Name : Old Net Name=NetIC2_CS_M13_4 New Net Name=NetIC2_CS_M1_4
Change Net Name : Old Net Name=NetIC2_CS_M13_5 New Net Name=NetIC2_CS_M1_5
Change Net Name : Old Net Name=NetIC2_CS_M13_8 New Net Name=NetIC2_CS_M1_8
Change Net Name : Old Net Name=NetR3_CS_M11_2 New Net Name=NetR3_CS_M3_2
Change Net Name : Old Net Name=NetR3_CS_M12_2 New Net Name=NetR3_CS_M2_2
Change Net Name : Old Net Name=NetR3_CS_M13_2 New Net Name=NetR3_CS_M1_2
Change Class Name : Old Net Name=CS_M11 New Net Name=CS_M3
Change Class Name : Old Net Name=CS_M12 New Net Name=CS_M2
Change Class Name : Old Net Name=CS_M13 New Net Name=CS_M1
