Removed Pin From Net: NetName=GND Pin=M0_HB_CON1-0
Removed Pin From Net: NetName=NetM0_FUSEX_1 Pin=M0_HB_CON1-1
Removed Pin From Net: NetName=NetM0_CON_2 Pin=M0_HB_CON1-2
Removed Pin From Net: NetName=NetM0_CON_1 Pin=M0_HB_CON1-3
Removed Pin From Net: NetName=GND Pin=M1_HB_CON1-0
Removed Pin From Net: NetName=NetM1_FUSEX_1 Pin=M1_HB_CON1-1
Removed Pin From Net: NetName=NetM1_CON_2 Pin=M1_HB_CON1-2
Removed Pin From Net: NetName=NetM1_CON_1 Pin=M1_HB_CON1-3
Removed Pin From Net: NetName=GND Pin=M2_HB_CON1-0
Removed Pin From Net: NetName=NetM2_FUSEX_1 Pin=M2_HB_CON1-1
Removed Pin From Net: NetName=NetM2_CON_2 Pin=M2_HB_CON1-2
Removed Pin From Net: NetName=NetM2_CON_1 Pin=M2_HB_CON1-3
Removed Pin From Net: NetName=GND Pin=M3_HB_CON1-0
Removed Pin From Net: NetName=NetM3_FUSEX_1 Pin=M3_HB_CON1-1
Removed Pin From Net: NetName=NetM3_CON_2 Pin=M3_HB_CON1-2
Removed Pin From Net: NetName=NetM3_CON_1 Pin=M3_HB_CON1-3
Added Pin To Net: NetName=NetM0_CON_1 Pin=M0_HB_CON1-0
Added Pin To Net: NetName=NetM0_CON_2 Pin=M0_HB_CON1-1
Added Pin To Net: NetName=NetM0_FUSEX_1 Pin=M0_HB_CON1-2
Added Pin To Net: NetName=GND Pin=M0_HB_CON1-3
Added Pin To Net: NetName=NetM1_CON_1 Pin=M1_HB_CON1-0
Added Pin To Net: NetName=NetM1_CON_2 Pin=M1_HB_CON1-1
Added Pin To Net: NetName=NetM1_FUSEX_1 Pin=M1_HB_CON1-2
Added Pin To Net: NetName=GND Pin=M1_HB_CON1-3
Added Pin To Net: NetName=NetM2_CON_1 Pin=M2_HB_CON1-0
Added Pin To Net: NetName=NetM2_CON_2 Pin=M2_HB_CON1-1
Added Pin To Net: NetName=NetM2_FUSEX_1 Pin=M2_HB_CON1-2
Added Pin To Net: NetName=GND Pin=M2_HB_CON1-3
Added Pin To Net: NetName=NetM3_CON_1 Pin=M3_HB_CON1-0
Added Pin To Net: NetName=NetM3_CON_2 Pin=M3_HB_CON1-1
Added Pin To Net: NetName=NetM3_FUSEX_1 Pin=M3_HB_CON1-2
Added Pin To Net: NetName=GND Pin=M3_HB_CON1-3
