Added Component: Designator=M0_HB_CON0(04x01_Conector_Female)
Added Component: Designator=M0_HB_CON1(04x01_Conector_Female)
Added Component: Designator=M1_HB_CON0(04x01_Conector_Female)
Added Component: Designator=M1_HB_CON1(04x01_Conector_Female)
Added Component: Designator=M2_HB_CON0(04x01_Conector_Female)
Added Component: Designator=M2_HB_CON1(04x01_Conector_Female)
Added Component: Designator=M3_HB_CON0(04x01_Conector_Female)
Added Component: Designator=M3_HB_CON1(04x01_Conector_Female)
Added Pin To Net: NetName=NetM0_HB_CON0_0 Pin=M0_HB_CON0-0
Added Pin To Net: NetName=NetM0_HB_CON0_1 Pin=M0_HB_CON0-1
Added Pin To Net: NetName=NetM0_HB_CON0_2 Pin=M0_HB_CON0-2
Added Pin To Net: NetName=NetM0_HB_CON0_3 Pin=M0_HB_CON0-3
Added Pin To Net: NetName=GND Pin=M0_HB_CON1-0
Added Pin To Net: NetName=NetM0_FUSEX_2 Pin=M0_HB_CON1-1
Added Pin To Net: NetName=NetM0_CON_2 Pin=M0_HB_CON1-2
Added Pin To Net: NetName=NetM0_CON_1 Pin=M0_HB_CON1-3
Added Pin To Net: NetName=GND Pin=M1_HB_C1-1
Added Pin To Net: NetName=NetM1_HB_CON0_0 Pin=M1_HB_CON0-0
Added Pin To Net: NetName=NetM1_HB_CON0_1 Pin=M1_HB_CON0-1
Added Pin To Net: NetName=NetM1_HB_CON0_2 Pin=M1_HB_CON0-2
Added Pin To Net: NetName=NetM1_HB_CON0_3 Pin=M1_HB_CON0-3
Added Pin To Net: NetName=GND Pin=M1_HB_CON1-0
Added Pin To Net: NetName=NetM1_FUSEX_2 Pin=M1_HB_CON1-1
Added Pin To Net: NetName=NetM1_CON_2 Pin=M1_HB_CON1-2
Added Pin To Net: NetName=NetM1_CON_1 Pin=M1_HB_CON1-3
Added Pin To Net: NetName=GND Pin=M2_HB_C1-1
Added Pin To Net: NetName=NetM2_HB_CON0_0 Pin=M2_HB_CON0-0
Added Pin To Net: NetName=NetM2_HB_CON0_1 Pin=M2_HB_CON0-1
Added Pin To Net: NetName=NetM2_HB_CON0_2 Pin=M2_HB_CON0-2
Added Pin To Net: NetName=NetM2_HB_CON0_3 Pin=M2_HB_CON0-3
Added Pin To Net: NetName=GND Pin=M2_HB_CON1-0
Added Pin To Net: NetName=NetM2_FUSEX_2 Pin=M2_HB_CON1-1
Added Pin To Net: NetName=NetM2_CON_2 Pin=M2_HB_CON1-2
Added Pin To Net: NetName=NetM2_CON_1 Pin=M2_HB_CON1-3
Added Pin To Net: NetName=GND Pin=M3_HB_C1-1
Added Pin To Net: NetName=NetM3_HB_CON0_0 Pin=M3_HB_CON0-0
Added Pin To Net: NetName=NetM3_HB_CON0_1 Pin=M3_HB_CON0-1
Added Pin To Net: NetName=NetM3_HB_CON0_2 Pin=M3_HB_CON0-2
Added Pin To Net: NetName=NetM3_HB_CON0_3 Pin=M3_HB_CON0-3
Added Pin To Net: NetName=GND Pin=M3_HB_CON1-0
Added Pin To Net: NetName=NetM3_FUSEX_2 Pin=M3_HB_CON1-1
Added Pin To Net: NetName=NetM3_CON_2 Pin=M3_HB_CON1-2
Added Pin To Net: NetName=NetM3_CON_1 Pin=M3_HB_CON1-3
Added Member To Class: ClassName=Mother_board1 Member=Component M0_HB_CON0 0022013047
Added Member To Class: ClassName=Mother_board1 Member=Component M0_HB_CON1 0022013047
Added Member To Class: ClassName=Mother_board1 Member=Component M1_HB_CON0 0022013047
Added Member To Class: ClassName=Mother_board1 Member=Component M1_HB_CON1 0022013047
Added Member To Class: ClassName=Mother_board1 Member=Component M2_HB_CON0 0022013047
Added Member To Class: ClassName=Mother_board1 Member=Component M2_HB_CON1 0022013047
Added Member To Class: ClassName=Mother_board1 Member=Component M3_HB_CON0 0022013047
Added Member To Class: ClassName=Mother_board1 Member=Component M3_HB_CON1 0022013047
