Removed Pin From Net: NetName=GND Pin=M0_HB_CON1-3
Removed Pin From Net: NetName=GND Pin=M1_HB_CON1-3
Removed Pin From Net: NetName=GND Pin=M2_HB_CON1-3
Removed Pin From Net: NetName=GND Pin=M3_HB_CON1-3
Removed Member From Class: ClassName=Mother_board1 Member=M0_HB_CON0
Removed Member From Class: ClassName=Mother_board1 Member=M0_HB_CON1
Removed Member From Class: ClassName=Mother_board1 Member=M1_HB_CON0
Removed Member From Class: ClassName=Mother_board1 Member=M1_HB_CON1
Removed Member From Class: ClassName=Mother_board1 Member=M2_HB_CON0
Removed Member From Class: ClassName=Mother_board1 Member=M2_HB_CON1
Removed Member From Class: ClassName=Mother_board1 Member=M3_HB_CON0
Removed Member From Class: ClassName=Mother_board1 Member=M3_HB_CON1
Added Component: Designator=M0_CON0(04x01_Conector_Female)
Added Component: Designator=M0_CON1(04x01_Conector_Female)
Added Component: Designator=M1_CON0(04x01_Conector_Female)
Added Component: Designator=M1_CON1(04x01_Conector_Female)
Added Component: Designator=M2_CON0(04x01_Conector_Female)
Added Component: Designator=M2_CON1(04x01_Conector_Female)
Added Component: Designator=M3_CON0(04x01_Conector_Female)
Added Component: Designator=M3_CON1(04x01_Conector_Female)
Added Pin To Net: NetName=GND Pin=M0_CON1-3
Added Pin To Net: NetName=GND Pin=M1_CON1-3
Added Pin To Net: NetName=GND Pin=M2_CON1-3
Added Pin To Net: NetName=GND Pin=M3_CON1-3
Added Pin To Net: NetName=NetM0_CON0_0 Pin=M0_CON0-0
Added Pin To Net: NetName=NetM0_CON0_0 Pin=STM32F4-DISCOVERY-SCH-P2_43
Added Net: Name=NetM0_CON0_0
Added Pin To Net: NetName=NetM0_CON0_1 Pin=M0_CON0-1
Added Pin To Net: NetName=NetM0_CON0_1 Pin=STM32F4-DISCOVERY-SCH-P2_12
Added Net: Name=NetM0_CON0_1
Added Pin To Net: NetName=NetM0_CON0_2 Pin=M0_CON0-2
Added Pin To Net: NetName=NetM0_CON0_2 Pin=STM32F4-DISCOVERY-SCH-P2_46
Added Net: Name=NetM0_CON0_2
Added Pin To Net: NetName=NetM0_CON0_3 Pin=M0_CON0-3
Added Pin To Net: NetName=NetM0_CON0_3 Pin=STM32F4-DISCOVERY-SCH-P2_14
Added Net: Name=NetM0_CON0_3
Added Pin To Net: NetName=NetM0_CON1_0 Pin=M0_CON1-0
Added Pin To Net: NetName=NetM0_CON1_0 Pin=M0_CON-1
Added Net: Name=NetM0_CON1_0
Added Pin To Net: NetName=NetM0_CON1_1 Pin=M0_CON1-1
Added Pin To Net: NetName=NetM0_CON1_1 Pin=M0_CON-2
Added Net: Name=NetM0_CON1_1
Added Pin To Net: NetName=NetM0_CON1_2 Pin=M0_CON1-2
Added Pin To Net: NetName=NetM0_CON1_2 Pin=M0_FUSEX-1
Added Net: Name=NetM0_CON1_2
Added Pin To Net: NetName=NetM1_CON0_0 Pin=M1_CON0-0
Added Pin To Net: NetName=NetM1_CON0_0 Pin=STM32F4-DISCOVERY-SCH-P2_48
Added Net: Name=NetM1_CON0_0
Added Pin To Net: NetName=NetM1_CON0_1 Pin=M1_CON0-1
Added Pin To Net: NetName=NetM1_CON0_1 Pin=STM32F4-DISCOVERY-SCH-P2_13
Added Net: Name=NetM1_CON0_1
Added Pin To Net: NetName=NetM1_CON0_2 Pin=M1_CON0-2
Added Pin To Net: NetName=NetM1_CON0_2 Pin=STM32F4-DISCOVERY-SCH-P2_45
Added Net: Name=NetM1_CON0_2
Added Pin To Net: NetName=NetM1_CON0_3 Pin=M1_CON0-3
Added Pin To Net: NetName=NetM1_CON0_3 Pin=STM32F4-DISCOVERY-SCH-P2_11
Added Net: Name=NetM1_CON0_3
Added Pin To Net: NetName=NetM1_CON1_0 Pin=M1_CON1-0
Added Pin To Net: NetName=NetM1_CON1_0 Pin=M1_CON-1
Added Net: Name=NetM1_CON1_0
Added Pin To Net: NetName=NetM1_CON1_1 Pin=M1_CON1-1
Added Pin To Net: NetName=NetM1_CON1_1 Pin=M1_CON-2
Added Net: Name=NetM1_CON1_1
Added Pin To Net: NetName=NetM1_CON1_2 Pin=M1_CON1-2
Added Pin To Net: NetName=NetM1_CON1_2 Pin=M1_FUSEX-1
Added Net: Name=NetM1_CON1_2
Added Pin To Net: NetName=NetM2_CON0_0 Pin=M2_CON0-0
Added Pin To Net: NetName=NetM2_CON0_0 Pin=STM32F4-DISCOVERY-SCH-P2_47
Added Net: Name=NetM2_CON0_0
Added Pin To Net: NetName=NetM2_CON0_1 Pin=M2_CON0-1
Added Pin To Net: NetName=NetM2_CON0_1 Pin=STM32F4-DISCOVERY-SCH-P1_10
Added Net: Name=NetM2_CON0_1
Added Pin To Net: NetName=NetM2_CON0_2 Pin=M2_CON0-2
Added Pin To Net: NetName=NetM2_CON0_2 Pin=STM32F4-DISCOVERY-SCH-P1_29
Added Net: Name=NetM2_CON0_2
Added Pin To Net: NetName=NetM2_CON0_3 Pin=M2_CON0-3
Added Pin To Net: NetName=NetM2_CON0_3 Pin=STM32F4-DISCOVERY-SCH-P1_21
Added Net: Name=NetM2_CON0_3
Added Pin To Net: NetName=NetM2_CON1_0 Pin=M2_CON1-0
Added Pin To Net: NetName=NetM2_CON1_0 Pin=M2_CON-1
Added Net: Name=NetM2_CON1_0
Added Pin To Net: NetName=NetM2_CON1_1 Pin=M2_CON1-1
Added Pin To Net: NetName=NetM2_CON1_1 Pin=M2_CON-2
Added Net: Name=NetM2_CON1_1
Added Pin To Net: NetName=NetM2_CON1_2 Pin=M2_CON1-2
Added Pin To Net: NetName=NetM2_CON1_2 Pin=M2_FUSEX-1
Added Net: Name=NetM2_CON1_2
Added Pin To Net: NetName=NetM3_CON0_0 Pin=M3_CON0-0
Added Pin To Net: NetName=NetM3_CON0_0 Pin=STM32F4-DISCOVERY-SCH-P1_32
Added Net: Name=NetM3_CON0_0
Added Pin To Net: NetName=NetM3_CON0_1 Pin=M3_CON0-1
Added Pin To Net: NetName=NetM3_CON0_1 Pin=STM32F4-DISCOVERY-SCH-P1_36
Added Net: Name=NetM3_CON0_1
Added Pin To Net: NetName=NetM3_CON0_2 Pin=M3_CON0-2
Added Pin To Net: NetName=NetM3_CON0_2 Pin=STM32F4-DISCOVERY-SCH-P1_31
Added Net: Name=NetM3_CON0_2
Added Pin To Net: NetName=NetM3_CON0_3 Pin=M3_CON0-3
Added Pin To Net: NetName=NetM3_CON0_3 Pin=STM32F4-DISCOVERY-SCH-P1_35
Added Net: Name=NetM3_CON0_3
Added Pin To Net: NetName=NetM3_CON1_0 Pin=M3_CON1-0
Added Pin To Net: NetName=NetM3_CON1_0 Pin=M3_CON-1
Added Net: Name=NetM3_CON1_0
Added Pin To Net: NetName=NetM3_CON1_1 Pin=M3_CON1-1
Added Pin To Net: NetName=NetM3_CON1_1 Pin=M3_CON-2
Added Net: Name=NetM3_CON1_1
Added Pin To Net: NetName=NetM3_CON1_2 Pin=M3_CON1-2
Added Pin To Net: NetName=NetM3_CON1_2 Pin=M3_FUSEX-1
Added Net: Name=NetM3_CON1_2
Added Member To Class: ClassName=Mother_board1 Member=Component M0_CON0 PPPC041LFBN-RC
Added Member To Class: ClassName=Mother_board1 Member=Component M0_CON1 PPPC041LFBN-RC
Added Member To Class: ClassName=Mother_board1 Member=Component M1_CON0 PPPC041LFBN-RC
Added Member To Class: ClassName=Mother_board1 Member=Component M1_CON1 PPPC041LFBN-RC
Added Member To Class: ClassName=Mother_board1 Member=Component M2_CON0 PPPC041LFBN-RC
Added Member To Class: ClassName=Mother_board1 Member=Component M2_CON1 PPPC041LFBN-RC
Added Member To Class: ClassName=Mother_board1 Member=Component M3_CON0 PPPC041LFBN-RC
Added Member To Class: ClassName=Mother_board1 Member=Component M3_CON1 PPPC041LFBN-RC
