Removed Pin From Net: NetName=GND Pin=LEVEL_SHIFTER-1
Removed Pin From Net: NetName=NetEEE-FK1C681GP-SCH_1 Pin=LEVEL_SHIFTER-3
Removed Pin From Net: NetName=NetEEE-FK1C681GP-SCH_1 Pin=LS_C1-1
Removed Pin From Net: NetName=GND Pin=LS_C1-2
Removed Pin From Net: NetName=NetEEE-FK1C681GP-SCH_1 Pin=LS_C2-1
Removed Pin From Net: NetName=GND Pin=LS_C2-2
Removed Pin From Net: NetName=NetEEE-FK1C681GP-SCH_1 Pin=LS_C3-1
Removed Pin From Net: NetName=GND Pin=LS_C3-2
Removed Pin From Net: NetName=GND Pin=LS_C5-2
Removed Pin From Net: NetName=GND Pin=LS_C6-2
Removed Pin From Net: NetName=GND Pin=LS_R3-1
Removed Pin From Net: NetName=NetEEE-FK1C681GP-SCH_1 Pin=R1-1
Removed Member From Class: ClassName=Mother_board3 Member=LEVEL_SHIFTER
Removed Member From Class: ClassName=Mother_board3 Member=LS_C1
Removed Member From Class: ClassName=Mother_board3 Member=LS_C2
Removed Member From Class: ClassName=Mother_board3 Member=LS_C3
Removed Member From Class: ClassName=Mother_board3 Member=LS_C4
Removed Member From Class: ClassName=Mother_board3 Member=LS_C5
Removed Member From Class: ClassName=Mother_board3 Member=LS_C6
Removed Member From Class: ClassName=Mother_board3 Member=LS_L1
Removed Member From Class: ClassName=Mother_board3 Member=LS_R2
Removed Member From Class: ClassName=Mother_board3 Member=LS_R3
Change Component DesignItemId : Designator=R1 Old DesignItemId=R0603-10R-6 New DesignItemId=R0402-33K-7
Change Component Footprint: Designator=R1 Old Footprint=0603-RES-HD New Footprint=0402-RES-HD
Change Component Comment : Designator=R1 Old Comment=R0603-10R New Comment=33K
Added Component: Designator=C1(0402-CAP)
Added Component: Designator=C2(1206-CAP)
Added Component: Designator=C3(1206-CAP)
Added Component: Designator=C4(PCBComponent)
Added Component: Designator=L1(CLF7045T)
Added Component: Designator=R2(0402-RES-HD)
Added Pin To Net: NetName=GND Pin=C2-1
Added Pin To Net: NetName=GND Pin=C3-1
Added Pin To Net: NetName=GND Pin=C4-1
Added Pin To Net: NetName=NetEEE-FK1C681GP-SCH_1 Pin=C4-2
Added Pin To Net: NetName=GND Pin=M1_HB_C1-1
Added Pin To Net: NetName=GND Pin=M2_HB_C1-1
Added Pin To Net: NetName=GND Pin=M3_HB_C1-1
Added Pin To Net: NetName=GND Pin=R2-1
Change Net Name : Old Net Name=NetEEE-FK1C681GP-SCH_1 New Net Name=NetC4_2
Added Pin To Net: NetName=NetC1_1 Pin=C1-1
Added Net: Name=NetC1_1
Added Pin To Net: NetName=NetC1_2 Pin=C1-2
Added Pin To Net: NetName=NetC1_2 Pin=L1-1
Added Net: Name=NetC1_2
Added Pin To Net: NetName=NetIC1_4 Pin=R1-1
Added Pin To Net: NetName=NetIC1_4 Pin=R2-2
Added Net: Name=NetIC1_4
Added Pin To Net: NetName=VCC_3V3 Pin=C2-2
Added Pin To Net: NetName=VCC_3V3 Pin=C3-2
Added Pin To Net: NetName=VCC_3V3 Pin=L1-2
Added Pin To Net: NetName=VCC_3V3 Pin=R1-2
Added Net: Name=VCC_3V3
Added Class: Name=DIRECT
Added Member To Class: ClassName=Mother_board3 Member=Component C1 100nF
Added Member To Class: ClassName=Mother_board3 Member=Component C2 22uF
Added Member To Class: ClassName=Mother_board3 Member=Component C3 22uF
Added Member To Class: ClassName=Mother_board3 Member=Component C4 10uF
Added Member To Class: ClassName=Mother_board3 Member=Component L1 CLF7045T-4R7N-H
Added Member To Class: ClassName=Mother_board3 Member=Component R2 10K
Added Rule: Name=Schematic Polygon Connect Style
Added Rule: Name=Schematic Polygon Connect Style_1
Added Rule: Name=Schematic Polygon Connect Style_2
Added Rule: Name=Schematic Polygon Connect Style_3
