Removed Pin From Net: NetName=NetLEVEL_SHIFTER_2 Pin=M0_FUSEX-2
Removed Pin From Net: NetName=Netdiscovery_P$37 Pin=M0_H_Bridge-3
Removed Pin From Net: NetName=Netdiscovery_P$37 Pin=M0_H_Bridge-3
Removed Pin From Net: NetName=Netdiscovery_P$37 Pin=M0_H_Bridge-3
Removed Pin From Net: NetName=Netdiscovery_P$37 Pin=M0_H_Bridge-3
Removed Pin From Net: NetName=Netdiscovery_P$37 Pin=M0_H_Bridge-3
Removed Pin From Net: NetName=Netdiscovery_P$37 Pin=M0_H_Bridge-3
Removed Pin From Net: NetName=Netdiscovery_P$93 Pin=M0_H_Bridge-4
Removed Pin From Net: NetName=Netdiscovery_P$93 Pin=M0_H_Bridge-4
Removed Pin From Net: NetName=Netdiscovery_P$93 Pin=M0_H_Bridge-4
Removed Pin From Net: NetName=Netdiscovery_P$93 Pin=M0_H_Bridge-4
Removed Pin From Net: NetName=Netdiscovery_P$93 Pin=M0_H_Bridge-4
Removed Pin From Net: NetName=Netdiscovery_P$93 Pin=M0_H_Bridge-4
Removed Pin From Net: NetName=NetM0_CON_2 Pin=M0_H_Bridge-5
Removed Pin From Net: NetName=NetM0_CON_2 Pin=M0_H_Bridge-5
Removed Pin From Net: NetName=NetM0_CON_2 Pin=M0_H_Bridge-5
Removed Pin From Net: NetName=NetM0_CON_2 Pin=M0_H_Bridge-5
Removed Pin From Net: NetName=NetM0_CON_1 Pin=M0_H_Bridge-6
Removed Pin From Net: NetName=NetM0_CON_1 Pin=M0_H_Bridge-6
Removed Pin From Net: NetName=NetM0_CON_1 Pin=M0_H_Bridge-6
Removed Pin From Net: NetName=NetM0_CON_1 Pin=M0_H_Bridge-6
Removed Pin From Net: NetName=NetLEVEL_SHIFTER_2 Pin=M1_FUXEX-2
Removed Pin From Net: NetName=Netdiscovery_P$38 Pin=M1_H_Bridge-1
Removed Pin From Net: NetName=Netdiscovery_P$38 Pin=M1_H_Bridge-1
Removed Pin From Net: NetName=Netdiscovery_P$38 Pin=M1_H_Bridge-1
Removed Pin From Net: NetName=Netdiscovery_P$38 Pin=M1_H_Bridge-1
Removed Pin From Net: NetName=Netdiscovery_P$38 Pin=M1_H_Bridge-1
Removed Pin From Net: NetName=Netdiscovery_P$38 Pin=M1_H_Bridge-1
Removed Pin From Net: NetName=Netdiscovery_P$38 Pin=M1_H_Bridge-1
Removed Pin From Net: NetName=Netdiscovery_P$38 Pin=M1_H_Bridge-1
Removed Pin From Net: NetName=Netdiscovery_P$38 Pin=M1_H_Bridge-1
Removed Pin From Net: NetName=Netdiscovery_P$38 Pin=M1_H_Bridge-1
Removed Pin From Net: NetName=Netdiscovery_P$38 Pin=M1_H_Bridge-1
Removed Pin From Net: NetName=Netdiscovery_P$38 Pin=M1_H_Bridge-1
Removed Pin From Net: NetName=Netdiscovery_P$38 Pin=M1_H_Bridge-1
Removed Pin From Net: NetName=Netdiscovery_P$38 Pin=M1_H_Bridge-1
Removed Pin From Net: NetName=Netdiscovery_P$38 Pin=M1_H_Bridge-1
Removed Pin From Net: NetName=Netdiscovery_P$38 Pin=M1_H_Bridge-1
Removed Pin From Net: NetName=Netdiscovery_P$38 Pin=M1_H_Bridge-1
Removed Pin From Net: NetName=Netdiscovery_P$38 Pin=M1_H_Bridge-1
Removed Pin From Net: NetName=Netdiscovery_P$38 Pin=M1_H_Bridge-1
Removed Pin From Net: NetName=Netdiscovery_P$38 Pin=M1_H_Bridge-1
Removed Pin From Net: NetName=Netdiscovery_P$22 Pin=M1_H_Bridge-3
Removed Pin From Net: NetName=Netdiscovery_P$22 Pin=M1_H_Bridge-3
Removed Pin From Net: NetName=Netdiscovery_P$22 Pin=M1_H_Bridge-3
Removed Pin From Net: NetName=Netdiscovery_P$22 Pin=M1_H_Bridge-3
Removed Pin From Net: NetName=Netdiscovery_P$22 Pin=M1_H_Bridge-3
Removed Pin From Net: NetName=Netdiscovery_P$22 Pin=M1_H_Bridge-3
Removed Pin From Net: NetName=Netdiscovery_P$31 Pin=M1_H_Bridge-4
Removed Pin From Net: NetName=Netdiscovery_P$31 Pin=M1_H_Bridge-4
Removed Pin From Net: NetName=Netdiscovery_P$31 Pin=M1_H_Bridge-4
Removed Pin From Net: NetName=Netdiscovery_P$31 Pin=M1_H_Bridge-4
Removed Pin From Net: NetName=Netdiscovery_P$31 Pin=M1_H_Bridge-4
Removed Pin From Net: NetName=Netdiscovery_P$31 Pin=M1_H_Bridge-4
Removed Pin From Net: NetName=NetM1_CON_2 Pin=M1_H_Bridge-5
Removed Pin From Net: NetName=NetM1_CON_2 Pin=M1_H_Bridge-5
Removed Pin From Net: NetName=NetM1_CON_2 Pin=M1_H_Bridge-5
Removed Pin From Net: NetName=NetM1_CON_2 Pin=M1_H_Bridge-5
Removed Pin From Net: NetName=NetM1_CON_1 Pin=M1_H_Bridge-6
Removed Pin From Net: NetName=NetM1_CON_1 Pin=M1_H_Bridge-6
Removed Pin From Net: NetName=NetM1_CON_1 Pin=M1_H_Bridge-6
Removed Pin From Net: NetName=NetM1_CON_1 Pin=M1_H_Bridge-6
Removed Pin From Net: NetName=NetLEVEL_SHIFTER_2 Pin=M2_FUSEX-2
Removed Pin From Net: NetName=Netdiscovery_P$21 Pin=M2_H_Bridge-1
Removed Pin From Net: NetName=Netdiscovery_P$21 Pin=M2_H_Bridge-1
Removed Pin From Net: NetName=Netdiscovery_P$21 Pin=M2_H_Bridge-1
Removed Pin From Net: NetName=Netdiscovery_P$21 Pin=M2_H_Bridge-1
Removed Pin From Net: NetName=Netdiscovery_P$21 Pin=M2_H_Bridge-1
Removed Pin From Net: NetName=Netdiscovery_P$21 Pin=M2_H_Bridge-1
Removed Pin From Net: NetName=Netdiscovery_P$21 Pin=M2_H_Bridge-1
Removed Pin From Net: NetName=Netdiscovery_P$21 Pin=M2_H_Bridge-1
Removed Pin From Net: NetName=Netdiscovery_P$21 Pin=M2_H_Bridge-1
Removed Pin From Net: NetName=Netdiscovery_P$21 Pin=M2_H_Bridge-1
Removed Pin From Net: NetName=Netdiscovery_P$21 Pin=M2_H_Bridge-1
Removed Pin From Net: NetName=Netdiscovery_P$21 Pin=M2_H_Bridge-1
Removed Pin From Net: NetName=Netdiscovery_P$21 Pin=M2_H_Bridge-1
Removed Pin From Net: NetName=Netdiscovery_P$21 Pin=M2_H_Bridge-1
Removed Pin From Net: NetName=Netdiscovery_P$21 Pin=M2_H_Bridge-1
Removed Pin From Net: NetName=Netdiscovery_P$21 Pin=M2_H_Bridge-1
Removed Pin From Net: NetName=Netdiscovery_P$21 Pin=M2_H_Bridge-1
Removed Pin From Net: NetName=Netdiscovery_P$21 Pin=M2_H_Bridge-1
Removed Pin From Net: NetName=Netdiscovery_P$21 Pin=M2_H_Bridge-1
Removed Pin From Net: NetName=Netdiscovery_P$21 Pin=M2_H_Bridge-1
Removed Pin From Net: NetName=Netdiscovery_P$24 Pin=M2_H_Bridge-3
Removed Pin From Net: NetName=Netdiscovery_P$24 Pin=M2_H_Bridge-3
Removed Pin From Net: NetName=Netdiscovery_P$24 Pin=M2_H_Bridge-3
Removed Pin From Net: NetName=Netdiscovery_P$24 Pin=M2_H_Bridge-3
Removed Pin From Net: NetName=Netdiscovery_P$24 Pin=M2_H_Bridge-3
Removed Pin From Net: NetName=Netdiscovery_P$24 Pin=M2_H_Bridge-3
Removed Pin From Net: NetName=Netdiscovery_P$97 Pin=M2_H_Bridge-4
Removed Pin From Net: NetName=Netdiscovery_P$97 Pin=M2_H_Bridge-4
Removed Pin From Net: NetName=Netdiscovery_P$97 Pin=M2_H_Bridge-4
Removed Pin From Net: NetName=Netdiscovery_P$97 Pin=M2_H_Bridge-4
Removed Pin From Net: NetName=Netdiscovery_P$97 Pin=M2_H_Bridge-4
Removed Pin From Net: NetName=Netdiscovery_P$97 Pin=M2_H_Bridge-4
Removed Pin From Net: NetName=NetM2_CON_2 Pin=M2_H_Bridge-5
Removed Pin From Net: NetName=NetM2_CON_2 Pin=M2_H_Bridge-5
Removed Pin From Net: NetName=NetM2_CON_2 Pin=M2_H_Bridge-5
Removed Pin From Net: NetName=NetM2_CON_2 Pin=M2_H_Bridge-5
Removed Pin From Net: NetName=NetM2_CON_1 Pin=M2_H_Bridge-6
Removed Pin From Net: NetName=NetM2_CON_1 Pin=M2_H_Bridge-6
Removed Pin From Net: NetName=NetM2_CON_1 Pin=M2_H_Bridge-6
Removed Pin From Net: NetName=NetM2_CON_1 Pin=M2_H_Bridge-6
Removed Pin From Net: NetName=NetLEVEL_SHIFTER_2 Pin=M3_FUSEX-2
Removed Pin From Net: NetName=Netdiscovery_P$35 Pin=M3_H_Bridge-1
Removed Pin From Net: NetName=Netdiscovery_P$35 Pin=M3_H_Bridge-1
Removed Pin From Net: NetName=Netdiscovery_P$35 Pin=M3_H_Bridge-1
Removed Pin From Net: NetName=Netdiscovery_P$35 Pin=M3_H_Bridge-1
Removed Pin From Net: NetName=Netdiscovery_P$35 Pin=M3_H_Bridge-1
Removed Pin From Net: NetName=Netdiscovery_P$35 Pin=M3_H_Bridge-1
Removed Pin From Net: NetName=Netdiscovery_P$35 Pin=M3_H_Bridge-1
Removed Pin From Net: NetName=Netdiscovery_P$35 Pin=M3_H_Bridge-1
Removed Pin From Net: NetName=Netdiscovery_P$35 Pin=M3_H_Bridge-1
Removed Pin From Net: NetName=Netdiscovery_P$35 Pin=M3_H_Bridge-1
Removed Pin From Net: NetName=Netdiscovery_P$35 Pin=M3_H_Bridge-1
Removed Pin From Net: NetName=Netdiscovery_P$35 Pin=M3_H_Bridge-1
Removed Pin From Net: NetName=Netdiscovery_P$35 Pin=M3_H_Bridge-1
Removed Pin From Net: NetName=Netdiscovery_P$35 Pin=M3_H_Bridge-1
Removed Pin From Net: NetName=Netdiscovery_P$35 Pin=M3_H_Bridge-1
Removed Pin From Net: NetName=Netdiscovery_P$35 Pin=M3_H_Bridge-1
Removed Pin From Net: NetName=Netdiscovery_P$35 Pin=M3_H_Bridge-1
Removed Pin From Net: NetName=Netdiscovery_P$35 Pin=M3_H_Bridge-1
Removed Pin From Net: NetName=Netdiscovery_P$35 Pin=M3_H_Bridge-1
Removed Pin From Net: NetName=Netdiscovery_P$35 Pin=M3_H_Bridge-1
Removed Pin From Net: NetName=Netdiscovery_P$36 Pin=M3_H_Bridge-3
Removed Pin From Net: NetName=Netdiscovery_P$36 Pin=M3_H_Bridge-3
Removed Pin From Net: NetName=Netdiscovery_P$36 Pin=M3_H_Bridge-3
Removed Pin From Net: NetName=Netdiscovery_P$36 Pin=M3_H_Bridge-3
Removed Pin From Net: NetName=Netdiscovery_P$36 Pin=M3_H_Bridge-3
Removed Pin From Net: NetName=Netdiscovery_P$36 Pin=M3_H_Bridge-3
Removed Pin From Net: NetName=Netdiscovery_P$95 Pin=M3_H_Bridge-4
Removed Pin From Net: NetName=Netdiscovery_P$95 Pin=M3_H_Bridge-4
Removed Pin From Net: NetName=Netdiscovery_P$95 Pin=M3_H_Bridge-4
Removed Pin From Net: NetName=Netdiscovery_P$95 Pin=M3_H_Bridge-4
Removed Pin From Net: NetName=Netdiscovery_P$95 Pin=M3_H_Bridge-4
Removed Pin From Net: NetName=Netdiscovery_P$95 Pin=M3_H_Bridge-4
Removed Pin From Net: NetName=NetM3_CON_2 Pin=M3_H_Bridge-5
Removed Pin From Net: NetName=NetM3_CON_2 Pin=M3_H_Bridge-5
Removed Pin From Net: NetName=NetM3_CON_2 Pin=M3_H_Bridge-5
Removed Pin From Net: NetName=NetM3_CON_2 Pin=M3_H_Bridge-5
Removed Pin From Net: NetName=NetM3_CON_1 Pin=M3_H_Bridge-6
Removed Pin From Net: NetName=NetM3_CON_1 Pin=M3_H_Bridge-6
Removed Pin From Net: NetName=NetM3_CON_1 Pin=M3_H_Bridge-6
Removed Pin From Net: NetName=NetM3_CON_1 Pin=M3_H_Bridge-6
Removed Member From Class: ClassName=Mother_board2 Member=M1_FUXEX
Change Component DesignItemId : Designator=M0_H_Bridge Old DesignItemId=BREAKOUT PONTE H-01.A.2 New DesignItemId=H_BRIDGE_BREAKOUT-SCH
Change Component DesignItemId : Designator=M1_H_Bridge Old DesignItemId=BREAKOUT PONTE H-01.A.2 New DesignItemId=H_BRIDGE_BREAKOUT-SCH
Change Component DesignItemId : Designator=M2_H_Bridge Old DesignItemId=BREAKOUT PONTE H-01.A.2 New DesignItemId=H_BRIDGE_BREAKOUT-SCH
Change Component DesignItemId : Designator=M3_H_Bridge Old DesignItemId=BREAKOUT PONTE H-01.A.2 New DesignItemId=H_BRIDGE_BREAKOUT-SCH
Change Component Comment : Designator=M0_H_Bridge Old Comment= New Comment=H_BRIDGE_BREAKOUT
Change Component Comment : Designator=M1_H_Bridge Old Comment= New Comment=H_BRIDGE_BREAKOUT
Change Component Comment : Designator=M2_H_Bridge Old Comment= New Comment=H_BRIDGE_BREAKOUT
Change Component Comment : Designator=M3_H_Bridge Old Comment= New Comment=H_BRIDGE_BREAKOUT
Change Component Library : Designator=M0_H_Bridge Old Library=IMBEL New Library=Schlib1.SchLib
Change Component Library : Designator=M1_H_Bridge Old Library=IMBEL New Library=Schlib1.SchLib
Change Component Library : Designator=M2_H_Bridge Old Library=IMBEL New Library=Schlib1.SchLib
Change Component Library : Designator=M3_H_Bridge Old Library=IMBEL New Library=Schlib1.SchLib
Added Pin To Net: NetName=NetLEVEL_SHIFTER_2 Pin=M0_FUSEX-1
Added Pin To Net: NetName=Netdiscovery_P$37 Pin=M0_H_Bridge-1
Added Pin To Net: NetName=Netdiscovery_P$37 Pin=M0_H_Bridge-1
Added Pin To Net: NetName=Netdiscovery_P$37 Pin=M0_H_Bridge-1
Added Pin To Net: NetName=Netdiscovery_P$37 Pin=M0_H_Bridge-1
Added Pin To Net: NetName=Netdiscovery_P$37 Pin=M0_H_Bridge-1
Added Pin To Net: NetName=Netdiscovery_P$37 Pin=M0_H_Bridge-1
Added Pin To Net: NetName=Netdiscovery_P$37 Pin=M0_H_Bridge-1
Added Pin To Net: NetName=Netdiscovery_P$37 Pin=M0_H_Bridge-1
Added Pin To Net: NetName=Netdiscovery_P$37 Pin=M0_H_Bridge-1
Added Pin To Net: NetName=Netdiscovery_P$37 Pin=M0_H_Bridge-1
Added Pin To Net: NetName=Netdiscovery_P$37 Pin=M0_H_Bridge-1
Added Pin To Net: NetName=Netdiscovery_P$37 Pin=M0_H_Bridge-1
Added Pin To Net: NetName=Netdiscovery_P$37 Pin=M0_H_Bridge-1
Added Pin To Net: NetName=Netdiscovery_P$37 Pin=M0_H_Bridge-1
Added Pin To Net: NetName=Netdiscovery_P$37 Pin=M0_H_Bridge-1
Added Pin To Net: NetName=Netdiscovery_P$37 Pin=M0_H_Bridge-1
Added Pin To Net: NetName=Netdiscovery_P$37 Pin=M0_H_Bridge-1
Added Pin To Net: NetName=Netdiscovery_P$37 Pin=M0_H_Bridge-1
Added Pin To Net: NetName=Netdiscovery_P$37 Pin=M0_H_Bridge-1
Added Pin To Net: NetName=Netdiscovery_P$37 Pin=M0_H_Bridge-1
Added Pin To Net: NetName=Netdiscovery_P$14 Pin=M0_H_Bridge-3
Added Pin To Net: NetName=Netdiscovery_P$14 Pin=M0_H_Bridge-3
Added Pin To Net: NetName=Netdiscovery_P$14 Pin=M0_H_Bridge-3
Added Pin To Net: NetName=Netdiscovery_P$14 Pin=M0_H_Bridge-3
Added Pin To Net: NetName=Netdiscovery_P$14 Pin=M0_H_Bridge-3
Added Pin To Net: NetName=Netdiscovery_P$14 Pin=M0_H_Bridge-3
Added Pin To Net: NetName=NetM0_CON_2 Pin=M0_H_Bridge-6
Added Pin To Net: NetName=NetM0_CON_2 Pin=M0_H_Bridge-6
Added Pin To Net: NetName=NetM0_CON_2 Pin=M0_H_Bridge-6
Added Pin To Net: NetName=NetM0_CON_2 Pin=M0_H_Bridge-6
Added Pin To Net: NetName=NetM0_CON_1 Pin=M0_H_Bridge-7
Added Pin To Net: NetName=NetM0_CON_1 Pin=M0_H_Bridge-7
Added Pin To Net: NetName=NetM0_CON_1 Pin=M0_H_Bridge-7
Added Pin To Net: NetName=NetM0_CON_1 Pin=M0_H_Bridge-7
Added Pin To Net: NetName=Netdiscovery_P$22 Pin=M1_H_Bridge-1
Added Pin To Net: NetName=Netdiscovery_P$22 Pin=M1_H_Bridge-1
Added Pin To Net: NetName=Netdiscovery_P$22 Pin=M1_H_Bridge-1
Added Pin To Net: NetName=Netdiscovery_P$22 Pin=M1_H_Bridge-1
Added Pin To Net: NetName=Netdiscovery_P$22 Pin=M1_H_Bridge-1
Added Pin To Net: NetName=Netdiscovery_P$22 Pin=M1_H_Bridge-1
Added Pin To Net: NetName=Netdiscovery_P$22 Pin=M1_H_Bridge-1
Added Pin To Net: NetName=Netdiscovery_P$22 Pin=M1_H_Bridge-1
Added Pin To Net: NetName=Netdiscovery_P$22 Pin=M1_H_Bridge-1
Added Pin To Net: NetName=Netdiscovery_P$22 Pin=M1_H_Bridge-1
Added Pin To Net: NetName=Netdiscovery_P$22 Pin=M1_H_Bridge-1
Added Pin To Net: NetName=Netdiscovery_P$22 Pin=M1_H_Bridge-1
Added Pin To Net: NetName=Netdiscovery_P$22 Pin=M1_H_Bridge-1
Added Pin To Net: NetName=Netdiscovery_P$22 Pin=M1_H_Bridge-1
Added Pin To Net: NetName=Netdiscovery_P$22 Pin=M1_H_Bridge-1
Added Pin To Net: NetName=Netdiscovery_P$22 Pin=M1_H_Bridge-1
Added Pin To Net: NetName=Netdiscovery_P$22 Pin=M1_H_Bridge-1
Added Pin To Net: NetName=Netdiscovery_P$22 Pin=M1_H_Bridge-1
Added Pin To Net: NetName=Netdiscovery_P$22 Pin=M1_H_Bridge-1
Added Pin To Net: NetName=Netdiscovery_P$22 Pin=M1_H_Bridge-1
Added Pin To Net: NetName=Netdiscovery_P$38 Pin=M1_H_Bridge-3
Added Pin To Net: NetName=Netdiscovery_P$38 Pin=M1_H_Bridge-3
Added Pin To Net: NetName=Netdiscovery_P$38 Pin=M1_H_Bridge-3
Added Pin To Net: NetName=Netdiscovery_P$38 Pin=M1_H_Bridge-3
Added Pin To Net: NetName=Netdiscovery_P$38 Pin=M1_H_Bridge-3
Added Pin To Net: NetName=Netdiscovery_P$38 Pin=M1_H_Bridge-3
Added Pin To Net: NetName=NetM1_CON_2 Pin=M1_H_Bridge-6
Added Pin To Net: NetName=NetM1_CON_2 Pin=M1_H_Bridge-6
Added Pin To Net: NetName=NetM1_CON_2 Pin=M1_H_Bridge-6
Added Pin To Net: NetName=NetM1_CON_2 Pin=M1_H_Bridge-6
Added Pin To Net: NetName=NetM1_CON_1 Pin=M1_H_Bridge-7
Added Pin To Net: NetName=NetM1_CON_1 Pin=M1_H_Bridge-7
Added Pin To Net: NetName=NetM1_CON_1 Pin=M1_H_Bridge-7
Added Pin To Net: NetName=NetM1_CON_1 Pin=M1_H_Bridge-7
Added Pin To Net: NetName=NetLEVEL_SHIFTER_2 Pin=M2_FUSEX-1
Added Pin To Net: NetName=Netdiscovery_P$24 Pin=M2_H_Bridge-1
Added Pin To Net: NetName=Netdiscovery_P$24 Pin=M2_H_Bridge-1
Added Pin To Net: NetName=Netdiscovery_P$24 Pin=M2_H_Bridge-1
Added Pin To Net: NetName=Netdiscovery_P$24 Pin=M2_H_Bridge-1
Added Pin To Net: NetName=Netdiscovery_P$24 Pin=M2_H_Bridge-1
Added Pin To Net: NetName=Netdiscovery_P$24 Pin=M2_H_Bridge-1
Added Pin To Net: NetName=Netdiscovery_P$24 Pin=M2_H_Bridge-1
Added Pin To Net: NetName=Netdiscovery_P$24 Pin=M2_H_Bridge-1
Added Pin To Net: NetName=Netdiscovery_P$24 Pin=M2_H_Bridge-1
Added Pin To Net: NetName=Netdiscovery_P$24 Pin=M2_H_Bridge-1
Added Pin To Net: NetName=Netdiscovery_P$24 Pin=M2_H_Bridge-1
Added Pin To Net: NetName=Netdiscovery_P$24 Pin=M2_H_Bridge-1
Added Pin To Net: NetName=Netdiscovery_P$24 Pin=M2_H_Bridge-1
Added Pin To Net: NetName=Netdiscovery_P$24 Pin=M2_H_Bridge-1
Added Pin To Net: NetName=Netdiscovery_P$24 Pin=M2_H_Bridge-1
Added Pin To Net: NetName=Netdiscovery_P$24 Pin=M2_H_Bridge-1
Added Pin To Net: NetName=Netdiscovery_P$24 Pin=M2_H_Bridge-1
Added Pin To Net: NetName=Netdiscovery_P$24 Pin=M2_H_Bridge-1
Added Pin To Net: NetName=Netdiscovery_P$24 Pin=M2_H_Bridge-1
Added Pin To Net: NetName=Netdiscovery_P$24 Pin=M2_H_Bridge-1
Added Pin To Net: NetName=Netdiscovery_P$21 Pin=M2_H_Bridge-3
Added Pin To Net: NetName=Netdiscovery_P$21 Pin=M2_H_Bridge-3
Added Pin To Net: NetName=Netdiscovery_P$21 Pin=M2_H_Bridge-3
Added Pin To Net: NetName=Netdiscovery_P$21 Pin=M2_H_Bridge-3
Added Pin To Net: NetName=Netdiscovery_P$21 Pin=M2_H_Bridge-3
Added Pin To Net: NetName=Netdiscovery_P$21 Pin=M2_H_Bridge-3
Added Pin To Net: NetName=NetM2_CON_2 Pin=M2_H_Bridge-6
Added Pin To Net: NetName=NetM2_CON_2 Pin=M2_H_Bridge-6
Added Pin To Net: NetName=NetM2_CON_2 Pin=M2_H_Bridge-6
Added Pin To Net: NetName=NetM2_CON_2 Pin=M2_H_Bridge-6
Added Pin To Net: NetName=NetM2_CON_1 Pin=M2_H_Bridge-7
Added Pin To Net: NetName=NetM2_CON_1 Pin=M2_H_Bridge-7
Added Pin To Net: NetName=NetM2_CON_1 Pin=M2_H_Bridge-7
Added Pin To Net: NetName=NetM2_CON_1 Pin=M2_H_Bridge-7
Added Pin To Net: NetName=NetLEVEL_SHIFTER_2 Pin=M3_FUSEX-1
Added Pin To Net: NetName=Netdiscovery_P$36 Pin=M3_H_Bridge-1
Added Pin To Net: NetName=Netdiscovery_P$36 Pin=M3_H_Bridge-1
Added Pin To Net: NetName=Netdiscovery_P$36 Pin=M3_H_Bridge-1
Added Pin To Net: NetName=Netdiscovery_P$36 Pin=M3_H_Bridge-1
Added Pin To Net: NetName=Netdiscovery_P$36 Pin=M3_H_Bridge-1
Added Pin To Net: NetName=Netdiscovery_P$36 Pin=M3_H_Bridge-1
Added Pin To Net: NetName=Netdiscovery_P$36 Pin=M3_H_Bridge-1
Added Pin To Net: NetName=Netdiscovery_P$36 Pin=M3_H_Bridge-1
Added Pin To Net: NetName=Netdiscovery_P$36 Pin=M3_H_Bridge-1
Added Pin To Net: NetName=Netdiscovery_P$36 Pin=M3_H_Bridge-1
Added Pin To Net: NetName=Netdiscovery_P$36 Pin=M3_H_Bridge-1
Added Pin To Net: NetName=Netdiscovery_P$36 Pin=M3_H_Bridge-1
Added Pin To Net: NetName=Netdiscovery_P$36 Pin=M3_H_Bridge-1
Added Pin To Net: NetName=Netdiscovery_P$36 Pin=M3_H_Bridge-1
Added Pin To Net: NetName=Netdiscovery_P$36 Pin=M3_H_Bridge-1
Added Pin To Net: NetName=Netdiscovery_P$36 Pin=M3_H_Bridge-1
Added Pin To Net: NetName=Netdiscovery_P$36 Pin=M3_H_Bridge-1
Added Pin To Net: NetName=Netdiscovery_P$36 Pin=M3_H_Bridge-1
Added Pin To Net: NetName=Netdiscovery_P$36 Pin=M3_H_Bridge-1
Added Pin To Net: NetName=Netdiscovery_P$36 Pin=M3_H_Bridge-1
Added Pin To Net: NetName=Netdiscovery_P$35 Pin=M3_H_Bridge-3
Added Pin To Net: NetName=Netdiscovery_P$35 Pin=M3_H_Bridge-3
Added Pin To Net: NetName=Netdiscovery_P$35 Pin=M3_H_Bridge-3
Added Pin To Net: NetName=Netdiscovery_P$35 Pin=M3_H_Bridge-3
Added Pin To Net: NetName=Netdiscovery_P$35 Pin=M3_H_Bridge-3
Added Pin To Net: NetName=Netdiscovery_P$35 Pin=M3_H_Bridge-3
Added Pin To Net: NetName=NetM3_CON_2 Pin=M3_H_Bridge-6
Added Pin To Net: NetName=NetM3_CON_2 Pin=M3_H_Bridge-6
Added Pin To Net: NetName=NetM3_CON_2 Pin=M3_H_Bridge-6
Added Pin To Net: NetName=NetM3_CON_2 Pin=M3_H_Bridge-6
Added Pin To Net: NetName=NetM0_CON_1 Pin=M3_H_Bridge-7
Added Pin To Net: NetName=NetM0_CON_1 Pin=M3_H_Bridge-7
Added Pin To Net: NetName=NetM0_CON_1 Pin=M3_H_Bridge-7
Added Pin To Net: NetName=NetM0_CON_1 Pin=M3_H_Bridge-7
Added Pin To Net: NetName=NetM0_FUSEX_2 Pin=M0_FUSEX-2
Added Pin To Net: NetName=NetM0_FUSEX_2 Pin=M0_H_Bridge-5
Added Pin To Net: NetName=NetM0_FUSEX_2 Pin=M0_H_Bridge-5
Added Pin To Net: NetName=NetM0_FUSEX_2 Pin=M0_H_Bridge-5
Added Pin To Net: NetName=NetM0_FUSEX_2 Pin=M0_H_Bridge-5
Added Net: Name=NetM0_FUSEX_2
Added Pin To Net: NetName=NetM0_H_BRIDGE_4 Pin=M0_H_Bridge-4
Added Pin To Net: NetName=NetM0_H_BRIDGE_4 Pin=M0_H_Bridge-4
Added Pin To Net: NetName=NetM0_H_BRIDGE_4 Pin=M0_H_Bridge-4
Added Pin To Net: NetName=NetM0_H_BRIDGE_4 Pin=M0_H_Bridge-4
Added Pin To Net: NetName=NetM0_H_BRIDGE_4 Pin=M0_H_Bridge-4
Added Pin To Net: NetName=NetM0_H_BRIDGE_4 Pin=M0_H_Bridge-4
Added Pin To Net: NetName=NetM0_H_BRIDGE_4 Pin=M0_S_R1-2
Added Pin To Net: NetName=NetM0_H_BRIDGE_4 Pin=M0_S_R3-2
Added Net: Name=NetM0_H_BRIDGE_4
Added Pin To Net: NetName=NetM1_FUSEX_2 Pin=M1_H_Bridge-5
Added Pin To Net: NetName=NetM1_FUSEX_2 Pin=M1_H_Bridge-5
Added Pin To Net: NetName=NetM1_FUSEX_2 Pin=M1_H_Bridge-5
Added Pin To Net: NetName=NetM1_FUSEX_2 Pin=M1_H_Bridge-5
Added Net: Name=NetM1_FUSEX_2
Added Pin To Net: NetName=NetM1_H_BRIDGE_4 Pin=M1_H_Bridge-4
Added Pin To Net: NetName=NetM1_H_BRIDGE_4 Pin=M1_H_Bridge-4
Added Pin To Net: NetName=NetM1_H_BRIDGE_4 Pin=M1_H_Bridge-4
Added Pin To Net: NetName=NetM1_H_BRIDGE_4 Pin=M1_H_Bridge-4
Added Pin To Net: NetName=NetM1_H_BRIDGE_4 Pin=M1_H_Bridge-4
Added Pin To Net: NetName=NetM1_H_BRIDGE_4 Pin=M1_H_Bridge-4
Added Pin To Net: NetName=NetM1_H_BRIDGE_4 Pin=M1_S_R1-2
Added Pin To Net: NetName=NetM1_H_BRIDGE_4 Pin=M1_S_R3-2
Added Net: Name=NetM1_H_BRIDGE_4
Added Pin To Net: NetName=NetM2_FUSEX_2 Pin=M2_FUSEX-2
Added Pin To Net: NetName=NetM2_FUSEX_2 Pin=M2_H_Bridge-5
Added Pin To Net: NetName=NetM2_FUSEX_2 Pin=M2_H_Bridge-5
Added Pin To Net: NetName=NetM2_FUSEX_2 Pin=M2_H_Bridge-5
Added Pin To Net: NetName=NetM2_FUSEX_2 Pin=M2_H_Bridge-5
Added Net: Name=NetM2_FUSEX_2
Added Pin To Net: NetName=NetM2_H_BRIDGE_4 Pin=M2_H_Bridge-4
Added Pin To Net: NetName=NetM2_H_BRIDGE_4 Pin=M2_H_Bridge-4
Added Pin To Net: NetName=NetM2_H_BRIDGE_4 Pin=M2_H_Bridge-4
Added Pin To Net: NetName=NetM2_H_BRIDGE_4 Pin=M2_H_Bridge-4
Added Pin To Net: NetName=NetM2_H_BRIDGE_4 Pin=M2_H_Bridge-4
Added Pin To Net: NetName=NetM2_H_BRIDGE_4 Pin=M2_H_Bridge-4
Added Pin To Net: NetName=NetM2_H_BRIDGE_4 Pin=M2_S_R1-2
Added Pin To Net: NetName=NetM2_H_BRIDGE_4 Pin=M2_S_R3-2
Added Net: Name=NetM2_H_BRIDGE_4
Added Pin To Net: NetName=NetM3_FUSEX_2 Pin=M3_FUSEX-2
Added Pin To Net: NetName=NetM3_FUSEX_2 Pin=M3_H_Bridge-5
Added Pin To Net: NetName=NetM3_FUSEX_2 Pin=M3_H_Bridge-5
Added Pin To Net: NetName=NetM3_FUSEX_2 Pin=M3_H_Bridge-5
Added Pin To Net: NetName=NetM3_FUSEX_2 Pin=M3_H_Bridge-5
Added Net: Name=NetM3_FUSEX_2
Added Pin To Net: NetName=NetM3_H_BRIDGE_4 Pin=M3_H_Bridge-4
Added Pin To Net: NetName=NetM3_H_BRIDGE_4 Pin=M3_H_Bridge-4
Added Pin To Net: NetName=NetM3_H_BRIDGE_4 Pin=M3_H_Bridge-4
Added Pin To Net: NetName=NetM3_H_BRIDGE_4 Pin=M3_H_Bridge-4
Added Pin To Net: NetName=NetM3_H_BRIDGE_4 Pin=M3_H_Bridge-4
Added Pin To Net: NetName=NetM3_H_BRIDGE_4 Pin=M3_H_Bridge-4
Added Pin To Net: NetName=NetM3_H_BRIDGE_4 Pin=M3_S_R1-2
Added Pin To Net: NetName=NetM3_H_BRIDGE_4 Pin=M3_S_R3-2
Added Net: Name=NetM3_H_BRIDGE_4
Added Room: Name=Mother_board1
Added Room: Name=Mother_board2
Added Room: Name=Mother_board3
Added Room: Name=Mother_board4
