Removed Pin From Net: NetName=Netdiscovery_P$93 Pin=M0_H_BRIDGE-0
Removed Pin From Net: NetName=Netdiscovery_P$37 Pin=M0_H_BRIDGE-1
Removed Pin From Net: NetName=Netdiscovery_P$29 Pin=M0_H_BRIDGE-2
Removed Pin From Net: NetName=Netdiscovery_P$14 Pin=M0_H_BRIDGE-3
Removed Pin From Net: NetName=NetM0_CON_2 Pin=M0_H_BRIDGE-6
Removed Pin From Net: NetName=NetM0_CON_1 Pin=M0_H_BRIDGE-7
Removed Pin From Net: NetName=Netdiscovery_P$31 Pin=M1_H_BRIDGE-0
Removed Pin From Net: NetName=Netdiscovery_P$22 Pin=M1_H_BRIDGE-1
Removed Pin From Net: NetName=Netdiscovery_P$32 Pin=M1_H_BRIDGE-2
Removed Pin From Net: NetName=Netdiscovery_P$38 Pin=M1_H_BRIDGE-3
Removed Pin From Net: NetName=NetM1_CON_2 Pin=M1_H_BRIDGE-6
Removed Pin From Net: NetName=NetM1_CON_1 Pin=M1_H_BRIDGE-7
Removed Pin From Net: NetName=Netdiscovery_P$97 Pin=M2_H_BRIDGE-0
Removed Pin From Net: NetName=Netdiscovery_P$24 Pin=M2_H_BRIDGE-1
Removed Pin From Net: NetName=Netdiscovery_P$98 Pin=M2_H_BRIDGE-2
Removed Pin From Net: NetName=Netdiscovery_P$21 Pin=M2_H_BRIDGE-3
Removed Pin From Net: NetName=NetM2_CON_2 Pin=M2_H_BRIDGE-6
Removed Pin From Net: NetName=NetM2_CON_1 Pin=M2_H_BRIDGE-7
Removed Pin From Net: NetName=Netdiscovery_P$95 Pin=M3_H_BRIDGE-0
Removed Pin From Net: NetName=Netdiscovery_P$36 Pin=M3_H_BRIDGE-1
Removed Pin From Net: NetName=Netdiscovery_P$96 Pin=M3_H_BRIDGE-2
Removed Pin From Net: NetName=Netdiscovery_P$35 Pin=M3_H_BRIDGE-3
Removed Pin From Net: NetName=NetM3_CON_2 Pin=M3_H_BRIDGE-6
Removed Pin From Net: NetName=NetM3_CON_1 Pin=M3_H_BRIDGE-7
Removed Member From Class: ClassName=Mother_board2 Member=M0_H_BRIDGE
Removed Member From Class: ClassName=Mother_board2 Member=M1_H_BRIDGE
Removed Member From Class: ClassName=Mother_board2 Member=M2_H_BRIDGE
Removed Member From Class: ClassName=Mother_board2 Member=M3_H_BRIDGE
Added Pin To Net: NetName=GND Pin=M1_HB_C1-1
Added Pin To Net: NetName=GND Pin=M2_HB_C1-1
Added Pin To Net: NetName=GND Pin=M3_HB_C1-1
Added Pin To Net: NetName=NetM0_S_R1_2 Pin=M0_S_R1-2
Added Pin To Net: NetName=NetM0_S_R1_2 Pin=M0_S_R3-2
Added Net: Name=NetM0_S_R1_2
Added Pin To Net: NetName=NetM1_S_R1_2 Pin=M1_S_R1-2
Added Pin To Net: NetName=NetM1_S_R1_2 Pin=M1_S_R3-2
Added Net: Name=NetM1_S_R1_2
Added Pin To Net: NetName=NetM2_S_R1_2 Pin=M2_S_R1-2
Added Pin To Net: NetName=NetM2_S_R1_2 Pin=M2_S_R3-2
Added Net: Name=NetM2_S_R1_2
Added Pin To Net: NetName=NetM3_S_R1_2 Pin=M3_S_R1-2
Added Pin To Net: NetName=NetM3_S_R1_2 Pin=M3_S_R3-2
Added Net: Name=NetM3_S_R1_2
