Removed Pin From Net: NetName=GND Pin=R4_CS_M0-1
Removed Pin From Net: NetName=GND Pin=R4_CS_M1-1
Removed Pin From Net: NetName=GND Pin=R4_CS_M2-1
Removed Pin From Net: NetName=GND Pin=R4_CS_M3-1
Removed Pin From Net: NetName=GND Pin=R5_CS_M0-2
Removed Pin From Net: NetName=GND Pin=R5_CS_M1-2
Removed Pin From Net: NetName=GND Pin=R5_CS_M2-2
Removed Pin From Net: NetName=GND Pin=R5_CS_M3-2
Added Pin To Net: NetName=GND Pin=M1_HB_C1-1
Added Pin To Net: NetName=GND Pin=M2_HB_C1-1
Added Pin To Net: NetName=GND Pin=M3_HB_C1-1
Added Pin To Net: NetName=NetM2_H_BRIDGE_1 Pin=STM32F4-DISCOVERY-SCH-P1_24
Added Pin To Net: NetName=NetR4_CS_M0_1 Pin=R4_CS_M0-1
Added Pin To Net: NetName=NetR4_CS_M0_1 Pin=R5_CS_M0-2
Added Net: Name=NetR4_CS_M0_1
Added Pin To Net: NetName=NetR4_CS_M1_1 Pin=R4_CS_M1-1
Added Pin To Net: NetName=NetR4_CS_M1_1 Pin=R5_CS_M1-2
Added Net: Name=NetR4_CS_M1_1
Added Pin To Net: NetName=NetR4_CS_M2_1 Pin=R4_CS_M2-1
Added Pin To Net: NetName=NetR4_CS_M2_1 Pin=R5_CS_M2-2
Added Net: Name=NetR4_CS_M2_1
Added Pin To Net: NetName=NetR4_CS_M3_1 Pin=R4_CS_M3-1
Added Pin To Net: NetName=NetR4_CS_M3_1 Pin=R5_CS_M3-2
Added Net: Name=NetR4_CS_M3_1
Added Pin To Net: NetName=V+ BAT_CS_M0 Pin=IC2_CS_M0-8
Added Pin To Net: NetName=V+ BAT_CS_M0 Pin=R3_CS_M0-2
Added Pin To Net: NetName=V+ BAT_CS_M0 Pin=R4_CS_M0-2
Added Net: Name=V+ BAT_CS_M0
Added Pin To Net: NetName=V+ BAT_CS_M1 Pin=IC2_CS_M1-8
Added Pin To Net: NetName=V+ BAT_CS_M1 Pin=R3_CS_M1-2
Added Pin To Net: NetName=V+ BAT_CS_M1 Pin=R4_CS_M1-2
Added Net: Name=V+ BAT_CS_M1
Added Pin To Net: NetName=V+ BAT_CS_M2 Pin=IC2_CS_M2-8
Added Pin To Net: NetName=V+ BAT_CS_M2 Pin=R3_CS_M2-2
Added Pin To Net: NetName=V+ BAT_CS_M2 Pin=R4_CS_M2-2
Added Net: Name=V+ BAT_CS_M2
Added Pin To Net: NetName=V+ BAT_CS_M3 Pin=IC2_CS_M3-8
Added Pin To Net: NetName=V+ BAT_CS_M3 Pin=R3_CS_M3-2
Added Pin To Net: NetName=V+ BAT_CS_M3 Pin=R4_CS_M3-2
Added Net: Name=V+ BAT_CS_M3
