Removed Pin From Net: NetName=NetCM1_M0_1 Pin=CM1_M0-1
Removed Pin From Net: NetName=NetCM1_M1_1 Pin=CM1_M1-1
Removed Pin From Net: NetName=NetCM1_M2_1 Pin=CM1_M2-1
Removed Pin From Net: NetName=NetCM1_M3_1 Pin=CM1_M3-1
Removed Member From Class: ClassName=DIRECT Member=NetCM1_M0_1
Removed Member From Class: ClassName=DIRECT Member=NetCM1_M1_1
Removed Member From Class: ClassName=DIRECT Member=NetCM1_M2_1
Removed Member From Class: ClassName=DIRECT Member=NetCM1_M3_1
Change Component Comment : Designator=R1_INA1 Old Comment=0R02 New Comment=R2512-0R02
Change Component Comment : Designator=R1_INA2 Old Comment=0R02 New Comment=R2512-0R02
Change Component Comment : Designator=R1_INA3 Old Comment=0R02 New Comment=R2512-0R02
Change Component Comment : Designator=R1_INA4 Old Comment=0R02 New Comment=R2512-0R02
Change Component Comment : Designator=MC_C4 Old Comment=100nF New Comment=Cap
Change Component Comment : Designator=MC_C5 Old Comment=100nF New Comment=Cap
Change Component Comment : Designator=L1 Old Comment=CLF7045T New Comment=CLF7045T-4R7N-H
Change Component Comment : Designator=CON_DRIBLE Old Comment=DRIBLE New Comment=0022112022
Change Component Comment : Designator=IC1_INA1 Old Comment=INA220 New Comment=INA220BIDGST
Change Component Comment : Designator=IC1_INA2 Old Comment=INA220 New Comment=INA220BIDGST
Change Component Comment : Designator=IC1_INA3 Old Comment=INA220 New Comment=INA220BIDGST
Change Component Comment : Designator=IC1_INA4 Old Comment=INA220 New Comment=INA220BIDGST
Change Component Comment : Designator=06x01_Conector_Male_M0 Old Comment=MOTOR 0 New Comment=0022112062
Change Component Comment : Designator=06x01_Conector_Male_M1 Old Comment=MOTOR 1 New Comment=0022112062
Change Component Comment : Designator=06x01_Conector_Male_M2 Old Comment=MOTOR 2 New Comment=0022112062
Change Component Comment : Designator=06x01_Conector_Male_M3 Old Comment=MOTOR 3 New Comment=0022112062
Change Component Comment : Designator=DF Old Comment=MSMF New Comment=MF-MSMF250/16X-2
Change Component Comment : Designator=FM_M0 Old Comment=MSMF New Comment=MF-MSMF250/16X
Change Component Comment : Designator=FM_M1 Old Comment=MSMF New Comment=MF-MSMF250/16X
Change Component Comment : Designator=FM_M2 Old Comment=MSMF New Comment=MF-MSMF250/16X
Change Component Comment : Designator=FM_M3 Old Comment=MSMF New Comment=MF-MSMF250/16X
Change Component Comment : Designator=SW Old Comment=R1966A New Comment=R1966ABLKBLKGR
Change Component Comment : Designator=IC1 Old Comment=TPS5632 New Comment=TPS563200DDCT
Change Component Designator: OldDesignator=0R NewDesignator=R3_INA2
Change Component Designator: OldDesignator=100nF NewDesignator=MC_C1
Change Component Designator: OldDesignator=100nF NewDesignator=MC_C2
Change Component Designator: OldDesignator=100nF NewDesignator=MC_C3
Change Component Designator: OldDesignator=330R NewDesignator=RL1
Change Component Designator: OldDesignator=330R NewDesignator=RL2
Change Component Designator: OldDesignator=DRIBLE-MC NewDesignator=CON_DMc
Change Component Designator: OldDesignator=DRIBLE-MOTOR NewDesignator=CON_DM
Change Component Designator: OldDesignator=LD1117S33CTR NewDesignator=IC?
Change Component Designator: OldDesignator=M0-MC NewDesignator=C3_M0
Change Component Designator: OldDesignator=M0-MOTOR NewDesignator=C1_M0
Change Component Designator: OldDesignator=M1-MC NewDesignator=C3_M1
Change Component Designator: OldDesignator=M1-MOTOR NewDesignator=C1_M1
Change Component Designator: OldDesignator=M2-MC NewDesignator=C3_M2
Change Component Designator: OldDesignator=M2-MOTOR NewDesignator=C1_M2
Change Component Designator: OldDesignator=M3-MC NewDesignator=C3_M3
Change Component Designator: OldDesignator=M3-MOTOR NewDesignator=C1_M3
Change Component Designator: OldDesignator=NRF_CON NewDesignator=NRF_C1
Change Component Designator: OldDesignator=SEN1 NewDesignator=SENSOR1
Change Component Designator: OldDesignator=SEN2 NewDesignator=SENSOR2
Added Component: Designator=R4_INA1(0402)
Added Component: Designator=R4_INA2(0402)
Added Component: Designator=R4_INA3(0402)
Added Component: Designator=R4_INA4(0402)
Added Component: Designator=R5_INA1(0402)
Added Component: Designator=R5_INA2(0402)
Added Component: Designator=R5_INA3(0402)
Added Component: Designator=R5_INA4(0402)
Added Pin To Net: NetName=V+ BAT_INA1 Pin=CM1_M0-1
Added Pin To Net: NetName=V+ BAT_INA1 Pin=CM1_M1-1
Added Pin To Net: NetName=V+ BAT_INA1 Pin=CM1_M2-1
Added Pin To Net: NetName=V+ BAT_INA1 Pin=CM1_M3-1
Added Pin To Net: NetName=VCC Pin=R4_INA1-1
Added Pin To Net: NetName=I2C.SCL Pin=R4_INA1-2
Added Pin To Net: NetName=VCC Pin=R4_INA2-1
Added Pin To Net: NetName=I2C.SCL Pin=R4_INA2-2
Added Pin To Net: NetName=VCC Pin=R4_INA3-1
Added Pin To Net: NetName=I2C.SCL Pin=R4_INA3-2
Added Pin To Net: NetName=VCC Pin=R4_INA4-1
Added Pin To Net: NetName=I2C.SCL Pin=R4_INA4-2
Added Pin To Net: NetName=VCC Pin=R5_INA1-1
Added Pin To Net: NetName=I2C.SDA Pin=R5_INA1-2
Added Pin To Net: NetName=VCC Pin=R5_INA2-1
Added Pin To Net: NetName=I2C.SDA Pin=R5_INA2-2
Added Pin To Net: NetName=VCC Pin=R5_INA3-1
Added Pin To Net: NetName=I2C.SDA Pin=R5_INA3-2
Added Pin To Net: NetName=VCC Pin=R5_INA4-1
Added Pin To Net: NetName=I2C.SDA Pin=R5_INA4-2
Change Net Name : Old Net Name=NetCM1_M0_1 New Net Name=NetFM_M0_2
Change Net Name : Old Net Name=NetCM1_M1_1 New Net Name=NetFM_M1_2
Change Net Name : Old Net Name=NetCM1_M2_1 New Net Name=NetFM_M2_2
Change Net Name : Old Net Name=NetCM1_M3_1 New Net Name=NetFM_M3_2
Added Member To Class: ClassName=Mother_board1 Member=Component MC_C2 100nF
Added Member To Class: ClassName=Mother_board1 Member=Component MC_C3 100nF
Added Member To Class: ClassName=INA1 Member=Component R4_INA1 (R4) 10k
Added Member To Class: ClassName=INA2 Member=Component R4_INA2 (R4) 10k
Added Member To Class: ClassName=INA3 Member=Component R4_INA3 (R4) 10k
Added Member To Class: ClassName=INA4 Member=Component R4_INA4 (R4) 10k
Added Member To Class: ClassName=INA1 Member=Component R5_INA1 (R5) 10k
Added Member To Class: ClassName=INA2 Member=Component R5_INA2 (R5) 10k
Added Member To Class: ClassName=INA3 Member=Component R5_INA3 (R5) 10k
Added Member To Class: ClassName=INA4 Member=Component R5_INA4 (R5) 10k
Added Member To Class: ClassName=Mother_board1 Member=Component RL1 330
Added Member To Class: ClassName=DIRECT Member=Wire NetFM_M0_2
Added Member To Class: ClassName=DIRECT Member=Wire NetFM_M1_2
Added Member To Class: ClassName=DIRECT Member=Wire NetFM_M2_2
Added Member To Class: ClassName=DIRECT Member=Wire NetFM_M3_2
