Removed Pin From Net: NetName=GND Pin=M0_H_BRIDGE-4
Removed Pin From Net: NetName=NetM0_FUSEX_2 Pin=M0_H_BRIDGE-5
Removed Pin From Net: NetName=NetM0_CON_2 Pin=M0_H_BRIDGE-6
Removed Pin From Net: NetName=NetM0_CON_1 Pin=M0_H_BRIDGE-7
Removed Pin From Net: NetName=GND Pin=M1_H_BRIDGE-4
Removed Pin From Net: NetName=NetM1_FUSEX_2 Pin=M1_H_BRIDGE-5
Removed Pin From Net: NetName=NetM1_CON_2 Pin=M1_H_BRIDGE-6
Removed Pin From Net: NetName=NetM1_CON_1 Pin=M1_H_BRIDGE-7
Removed Pin From Net: NetName=GND Pin=M2_H_BRIDGE-4
Removed Pin From Net: NetName=NetM2_FUSEX_2 Pin=M2_H_BRIDGE-5
Removed Pin From Net: NetName=NetM2_CON_2 Pin=M2_H_BRIDGE-6
Removed Pin From Net: NetName=NetM2_CON_1 Pin=M2_H_BRIDGE-7
Removed Pin From Net: NetName=GND Pin=M3_H_BRIDGE-4
Removed Pin From Net: NetName=NetM3_FUSEX_2 Pin=M3_H_BRIDGE-5
Removed Pin From Net: NetName=NetM3_CON_2 Pin=M3_H_BRIDGE-6
Removed Pin From Net: NetName=NetM3_CON_1 Pin=M3_H_BRIDGE-7
Added Component: Designator=M0_HB_CON0(04x01_Conector_Female)
Added Component: Designator=M0_HB_CON1(04x01_Conector_Female)
Added Component: Designator=M1_HB_CON0(04x01_Conector_Female)
Added Component: Designator=M1_HB_CON1(04x01_Conector_Female)
Added Component: Designator=M2_HB_CON0(04x01_Conector_Female)
Added Component: Designator=M2_HB_CON1(04x01_Conector_Female)
Added Component: Designator=M3_HB_CON0(04x01_Conector_Female)
Added Component: Designator=M3_HB_CON1(04x01_Conector_Female)
Added Pin To Net: NetName=GND Pin=M0_HB_CON1-0
Added Pin To Net: NetName=NetM0_FUSEX_2 Pin=M0_HB_CON1-1
Added Pin To Net: NetName=NetM0_CON_2 Pin=M0_HB_CON1-2
Added Pin To Net: NetName=NetM0_CON_1 Pin=M0_HB_CON1-3
Added Pin To Net: NetName=NetM1_FUSEX_1 Pin=M1_HB_C1-1
Added Pin To Net: NetName=GND Pin=M1_HB_CON1-0
Added Pin To Net: NetName=NetM1_FUSEX_2 Pin=M1_HB_CON1-1
Added Pin To Net: NetName=NetM1_CON_2 Pin=M1_HB_CON1-2
Added Pin To Net: NetName=NetM1_CON_1 Pin=M1_HB_CON1-3
Added Pin To Net: NetName=NetM2_FUSEX_1 Pin=M2_HB_C1-1
Added Pin To Net: NetName=GND Pin=M2_HB_CON1-0
Added Pin To Net: NetName=NetM2_FUSEX_2 Pin=M2_HB_CON1-1
Added Pin To Net: NetName=NetM2_CON_2 Pin=M2_HB_CON1-2
Added Pin To Net: NetName=NetM2_CON_1 Pin=M2_HB_CON1-3
Added Pin To Net: NetName=NetM3_FUSEX_1 Pin=M3_HB_C1-1
Added Pin To Net: NetName=GND Pin=M3_HB_CON1-0
Added Pin To Net: NetName=NetM3_FUSEX_2 Pin=M3_HB_CON1-1
Added Pin To Net: NetName=NetM3_CON_2 Pin=M3_HB_CON1-2
Added Pin To Net: NetName=NetM3_CON_1 Pin=M3_HB_CON1-3
Added Pin To Net: NetName=NetM0_HB_CON0_0 Pin=M0_HB_CON0-0
Added Pin To Net: NetName=NetM0_HB_CON0_0 Pin=STM32F4-DISCOVERY-SCH-P2_14
Added Net: Name=NetM0_HB_CON0_0
Added Pin To Net: NetName=NetM0_HB_CON0_1 Pin=M0_HB_CON0-1
Added Pin To Net: NetName=NetM0_HB_CON0_1 Pin=STM32F4-DISCOVERY-SCH-P2_46
Added Net: Name=NetM0_HB_CON0_1
Added Pin To Net: NetName=NetM0_HB_CON0_2 Pin=M0_HB_CON0-2
Added Pin To Net: NetName=NetM0_HB_CON0_2 Pin=STM32F4-DISCOVERY-SCH-P2_12
Added Net: Name=NetM0_HB_CON0_2
Added Pin To Net: NetName=NetM0_HB_CON0_3 Pin=M0_HB_CON0-3
Added Pin To Net: NetName=NetM0_HB_CON0_3 Pin=STM32F4-DISCOVERY-SCH-P2_43
Added Net: Name=NetM0_HB_CON0_3
Added Pin To Net: NetName=NetM1_HB_CON0_0 Pin=M1_HB_CON0-0
Added Pin To Net: NetName=NetM1_HB_CON0_0 Pin=STM32F4-DISCOVERY-SCH-P2_11
Added Net: Name=NetM1_HB_CON0_0
Added Pin To Net: NetName=NetM1_HB_CON0_1 Pin=M1_HB_CON0-1
Added Pin To Net: NetName=NetM1_HB_CON0_1 Pin=STM32F4-DISCOVERY-SCH-P2_45
Added Net: Name=NetM1_HB_CON0_1
Added Pin To Net: NetName=NetM1_HB_CON0_2 Pin=M1_HB_CON0-2
Added Pin To Net: NetName=NetM1_HB_CON0_2 Pin=STM32F4-DISCOVERY-SCH-P2_13
Added Net: Name=NetM1_HB_CON0_2
Added Pin To Net: NetName=NetM1_HB_CON0_3 Pin=M1_HB_CON0-3
Added Pin To Net: NetName=NetM1_HB_CON0_3 Pin=STM32F4-DISCOVERY-SCH-P2_48
Added Net: Name=NetM1_HB_CON0_3
Added Pin To Net: NetName=NetM2_HB_CON0_0 Pin=M2_HB_CON0-0
Added Pin To Net: NetName=NetM2_HB_CON0_0 Pin=STM32F4-DISCOVERY-SCH-P1_21
Added Net: Name=NetM2_HB_CON0_0
Added Pin To Net: NetName=NetM2_HB_CON0_1 Pin=M2_HB_CON0-1
Added Pin To Net: NetName=NetM2_HB_CON0_1 Pin=STM32F4-DISCOVERY-SCH-P1_29
Added Net: Name=NetM2_HB_CON0_1
Added Pin To Net: NetName=NetM2_HB_CON0_2 Pin=M2_HB_CON0-2
Added Pin To Net: NetName=NetM2_HB_CON0_2 Pin=STM32F4-DISCOVERY-SCH-P1_10
Added Net: Name=NetM2_HB_CON0_2
Added Pin To Net: NetName=NetM2_HB_CON0_3 Pin=M2_HB_CON0-3
Added Pin To Net: NetName=NetM2_HB_CON0_3 Pin=STM32F4-DISCOVERY-SCH-P2_47
Added Net: Name=NetM2_HB_CON0_3
Added Pin To Net: NetName=NetM3_HB_CON0_0 Pin=M3_HB_CON0-0
Added Pin To Net: NetName=NetM3_HB_CON0_0 Pin=STM32F4-DISCOVERY-SCH-P1_35
Added Net: Name=NetM3_HB_CON0_0
Added Pin To Net: NetName=NetM3_HB_CON0_1 Pin=M3_HB_CON0-1
Added Pin To Net: NetName=NetM3_HB_CON0_1 Pin=STM32F4-DISCOVERY-SCH-P1_31
Added Net: Name=NetM3_HB_CON0_1
Added Pin To Net: NetName=NetM3_HB_CON0_2 Pin=M3_HB_CON0-2
Added Pin To Net: NetName=NetM3_HB_CON0_2 Pin=STM32F4-DISCOVERY-SCH-P1_36
Added Net: Name=NetM3_HB_CON0_2
Added Pin To Net: NetName=NetM3_HB_CON0_3 Pin=M3_HB_CON0-3
Added Pin To Net: NetName=NetM3_HB_CON0_3 Pin=STM32F4-DISCOVERY-SCH-P1_32
Added Net: Name=NetM3_HB_CON0_3
Added Member To Class: ClassName=Mother_board1 Member=Component M0_HB_CON0 0022013047
Added Member To Class: ClassName=Mother_board1 Member=Component M0_HB_CON1 0022013047
Added Member To Class: ClassName=Mother_board1 Member=Component M1_HB_CON0 0022013047
Added Member To Class: ClassName=Mother_board1 Member=Component M1_HB_CON1 0022013047
Added Member To Class: ClassName=Mother_board1 Member=Component M2_HB_CON0 0022013047
Added Member To Class: ClassName=Mother_board1 Member=Component M2_HB_CON1 0022013047
Added Member To Class: ClassName=Mother_board1 Member=Component M3_HB_CON0 0022013047
Added Member To Class: ClassName=Mother_board1 Member=Component M3_HB_CON1 0022013047
