Removed Pin From Net: NetName=GND Pin=NRF24L01_BREAKOUT-SCH-0
Removed Pin From Net: NetName=VCC Pin=NRF24L01_BREAKOUT-SCH-1
Removed Pin From Net: NetName=NetNRF24L01_BREAKOUT-SCH_2 Pin=NRF24L01_BREAKOUT-SCH-2
Removed Pin From Net: NetName=NetNRF24L01_BREAKOUT-SCH_3 Pin=NRF24L01_BREAKOUT-SCH-3
Removed Pin From Net: NetName=NetNRF24L01_BREAKOUT-SCH_4 Pin=NRF24L01_BREAKOUT-SCH-4
Removed Pin From Net: NetName=NetNRF24L01_BREAKOUT-SCH_5 Pin=NRF24L01_BREAKOUT-SCH-5
Removed Pin From Net: NetName=NetNRF24L01_BREAKOUT-SCH_6 Pin=NRF24L01_BREAKOUT-SCH-6
Removed Member From Class: ClassName=Mother_board1 Member=NRF24L01_BREAKOUT-SCH
Added Component: Designator=NRF24L01(NRF24L01_BREAKOUT-PCB)
Added Pin To Net: NetName=GND Pin=M1_HB_C1-1
Added Pin To Net: NetName=GND Pin=M2_HB_C1-1
Added Pin To Net: NetName=GND Pin=M3_HB_C1-1
Added Pin To Net: NetName=GND Pin=NRF24L01-0
Added Pin To Net: NetName=VCC Pin=NRF24L01-1
Added Pin To Net: NetName=NetNRF24L01_BREAKOUT-SCH_2 Pin=NRF24L01-2
Added Pin To Net: NetName=NetNRF24L01_BREAKOUT-SCH_3 Pin=NRF24L01-3
Added Pin To Net: NetName=NetNRF24L01_BREAKOUT-SCH_4 Pin=NRF24L01-4
Added Pin To Net: NetName=NetNRF24L01_BREAKOUT-SCH_5 Pin=NRF24L01-5
Added Pin To Net: NetName=NetNRF24L01_BREAKOUT-SCH_6 Pin=NRF24L01-6
Added Pin To Net: NetName=NetM2_H_BRIDGE_1 Pin=STM32F4-DISCOVERY-SCH-P1_24
Change Net Name : Old Net Name=NetNRF24L01_BREAKOUT-SCH_2 New Net Name=NetNRF24L01_2
Change Net Name : Old Net Name=NetNRF24L01_BREAKOUT-SCH_3 New Net Name=NetNRF24L01_3
Change Net Name : Old Net Name=NetNRF24L01_BREAKOUT-SCH_4 New Net Name=NetNRF24L01_4
Change Net Name : Old Net Name=NetNRF24L01_BREAKOUT-SCH_5 New Net Name=NetNRF24L01_5
Change Net Name : Old Net Name=NetNRF24L01_BREAKOUT-SCH_6 New Net Name=NetNRF24L01_6
Added Member To Class: ClassName=Mother_board1 Member=Component NRF24L01 NRF24l01_BREAKOUT-SCH
