Removed Pin From Net: NetName=GND Pin=NRF24L01-0
Removed Pin From Net: NetName=VCC Pin=NRF24L01-1
Added Component: Designator=H_BRIDGE_BREAKOUT-SCH(04x02_Conector_Female)
Added Pin To Net: NetName=GND Pin=H_BRIDGE_BREAKOUT-SCH-0
Added Pin To Net: NetName=VCC Pin=H_BRIDGE_BREAKOUT-SCH-1
Added Pin To Net: NetName=NetH_BRIDGE_BREAKOUT-SCH_2 Pin=H_BRIDGE_BREAKOUT-SCH-2
Added Pin To Net: NetName=NetH_BRIDGE_BREAKOUT-SCH_2 Pin=STM32F4-DISCOVERY-SCH-P1_13
Added Net: Name=NetH_BRIDGE_BREAKOUT-SCH_2
Added Pin To Net: NetName=NetH_BRIDGE_BREAKOUT-SCH_3 Pin=H_BRIDGE_BREAKOUT-SCH-3
Added Pin To Net: NetName=NetH_BRIDGE_BREAKOUT-SCH_3 Pin=STM32F4-DISCOVERY-SCH-P1_16
Added Net: Name=NetH_BRIDGE_BREAKOUT-SCH_3
Added Pin To Net: NetName=NetH_BRIDGE_BREAKOUT-SCH_4 Pin=H_BRIDGE_BREAKOUT-SCH-4
Added Pin To Net: NetName=NetH_BRIDGE_BREAKOUT-SCH_4 Pin=STM32F4-DISCOVERY-SCH-P1_15
Added Net: Name=NetH_BRIDGE_BREAKOUT-SCH_4
Added Pin To Net: NetName=NetH_BRIDGE_BREAKOUT-SCH_5 Pin=H_BRIDGE_BREAKOUT-SCH-5
Added Pin To Net: NetName=NetH_BRIDGE_BREAKOUT-SCH_5 Pin=STM32F4-DISCOVERY-SCH-P1_17
Added Net: Name=NetH_BRIDGE_BREAKOUT-SCH_5
Added Pin To Net: NetName=NetH_BRIDGE_BREAKOUT-SCH_6 Pin=H_BRIDGE_BREAKOUT-SCH-6
Added Pin To Net: NetName=NetH_BRIDGE_BREAKOUT-SCH_6 Pin=STM32F4-DISCOVERY-SCH-P1_18
Added Net: Name=NetH_BRIDGE_BREAKOUT-SCH_6
Added Pin To Net: NetName=NetH_BRIDGE_BREAKOUT-SCH_7 Pin=H_BRIDGE_BREAKOUT-SCH-7
Added Pin To Net: NetName=NetH_BRIDGE_BREAKOUT-SCH_7 Pin=STM32F4-DISCOVERY-SCH-P1_19
Added Net: Name=NetH_BRIDGE_BREAKOUT-SCH_7
Added Member To Class: ClassName=Mother_board1 Member=Component H_BRIDGE_BREAKOUT-SCH PPPC042LFBN-RC
